info: ::1 - - [17/Jan/2023:08:40:17 +0000] "POST /api/v1/users/registerUser HTTP/1.1" 201 328 "-" "PostmanRuntime/7.30.0"

info: ::1 - - [17/Jan/2023:08:40:47 +0000] "POST /api/v1/users/login HTTP/1.1" 200 241 "-" "PostmanRuntime/7.30.0"

info: ::1 - - [17/Jan/2023:08:41:46 +0000] "GET /api/v1/users/sendmail HTTP/1.1" 201 52 "-" "PostmanRuntime/7.30.0"

info: ::1 - - [17/Jan/2023:08:44:54 +0000] "GET /api/v1/users/sendmail HTTP/1.1" 201 52 "-" "PostmanRuntime/7.30.0"

info: ::1 - - [17/Jan/2023:08:45:06 +0000] "GET /api/v1/users/resetpassword HTTP/1.1" 404 47 "-" "Mozilla/5.0 (Windows NT 10.0; Win64; x64) AppleWebKit/537.36 (KHTML, like Gecko) Chrome/108.0.0.0 Safari/537.36"

info: ::1 - - [17/Jan/2023:08:45:06 +0000] "GET /favicon.ico HTTP/1.1" 404 47 "-" "Mozilla/5.0 (Windows NT 10.0; Win64; x64) AppleWebKit/537.36 (KHTML, like Gecko) Chrome/108.0.0.0 Safari/537.36"

info: ::1 - - [17/Jan/2023:10:07:26 +0000] "GET /api/v1/users/sendmail HTTP/1.1" 404 47 "-" "PostmanRuntime/7.30.0"

info: ::1 - - [17/Jan/2023:10:07:57 +0000] "GET /api/v1/users/forgetPassword HTTP/1.1" 201 52 "-" "PostmanRuntime/7.30.0"

info: ::1 - - [17/Jan/2023:10:08:22 +0000] "GET /api/v1/users/resetpassword HTTP/1.1" 404 47 "-" "Mozilla/5.0 (Windows NT 10.0; Win64; x64) AppleWebKit/537.36 (KHTML, like Gecko) Chrome/108.0.0.0 Safari/537.36"

info: ::1 - - [17/Jan/2023:10:10:44 +0000] "PUT /api/v1/users/resetPassword HTTP/1.1" 500 55 "-" "PostmanRuntime/7.30.0"

info: ::1 - - [17/Jan/2023:10:11:56 +0000] "PUT /api/v1/users/resetPassword HTTP/1.1" 500 55 "-" "PostmanRuntime/7.30.0"

info: ::1 - - [17/Jan/2023:10:13:33 +0000] "PUT /api/v1/users/resetPassword HTTP/1.1" 201 357 "-" "PostmanRuntime/7.30.0"

info: ::1 - - [17/Jan/2023:10:14:52 +0000] "PUT /api/v1/users/resetPassword HTTP/1.1" 201 357 "-" "PostmanRuntime/7.30.0"

info: ::1 - - [17/Jan/2023:10:15:57 +0000] "PUT /api/v1/users/resetPassword HTTP/1.1" 201 357 "-" "PostmanRuntime/7.30.0"

info: ::1 - - [17/Jan/2023:10:19:02 +0000] "PUT /api/v1/users/resetPassword HTTP/1.1" 201 357 "-" "PostmanRuntime/7.30.0"

info: ::1 - - [17/Jan/2023:10:27:56 +0000] "PUT /api/v1/users/resetPassword HTTP/1.1" 201 357 "-" "PostmanRuntime/7.30.0"

info: ::1 - - [17/Jan/2023:10:28:20 +0000] "PUT /api/v1/users/resetPassword HTTP/1.1" 201 357 "-" "PostmanRuntime/7.30.0"

info: ::1 - - [17/Jan/2023:10:32:23 +0000] "PUT /api/v1/users/resetPassword HTTP/1.1" 500 55 "-" "PostmanRuntime/7.30.0"

info: ::1 - - [17/Jan/2023:10:35:26 +0000] "PUT /api/v1/users/resetPassword HTTP/1.1" 201 357 "-" "PostmanRuntime/7.30.0"

info: ::1 - - [17/Jan/2023:10:36:35 +0000] "PUT /api/v1/users/resetPassword HTTP/1.1" 201 357 "-" "PostmanRuntime/7.30.0"

info: ::1 - - [17/Jan/2023:10:38:03 +0000] "PUT /api/v1/users/resetPassword HTTP/1.1" 201 357 "-" "PostmanRuntime/7.30.0"

info: ::1 - - [17/Jan/2023:10:39:58 +0000] "POST /api/v1/users/registerUser HTTP/1.1" 201 323 "-" "PostmanRuntime/7.30.0"

info: ::1 - - [17/Jan/2023:10:40:25 +0000] "POST /api/v1/users/login HTTP/1.1" 200 241 "-" "PostmanRuntime/7.30.0"

info: ::1 - - [17/Jan/2023:10:42:43 +0000] "POST /api/v1/notes/add HTTP/1.1" 500 86 "-" "PostmanRuntime/7.30.0"

info: ::1 - - [17/Jan/2023:10:42:53 +0000] "POST /api/v1/notes/add HTTP/1.1" 201 296 "-" "PostmanRuntime/7.30.0"

info: ::1 - - [17/Jan/2023:10:43:28 +0000] "POST /api/v1/notes/add HTTP/1.1" 201 302 "-" "PostmanRuntime/7.30.0"

info: ::1 - - [17/Jan/2023:10:43:39 +0000] "GET /api/v1/notes/all HTTP/1.1" 200 547 "-" "PostmanRuntime/7.30.0"

info: ::1 - - [17/Jan/2023:10:44:07 +0000] "GET /api/v1/notes/63c67bd092c5b632fcaf1f47 HTTP/1.1" 200 302 "-" "PostmanRuntime/7.30.0"

info: ::1 - - [17/Jan/2023:10:45:25 +0000] "PUT /api/v1/notes/63c67bd092c5b632fcaf1f47 HTTP/1.1" 202 349 "-" "PostmanRuntime/7.30.0"

info: ::1 - - [17/Jan/2023:10:45:55 +0000] "PUT /api/v1/notes/63c67bd092c5b632fcaf1f47/archive HTTP/1.1" 202 347 "-" "PostmanRuntime/7.30.0"

info: ::1 - - [17/Jan/2023:10:46:30 +0000] "PUT /api/v1/notes/63c67bd092c5b632fcaf1f47/trash HTTP/1.1" 202 349 "-" "PostmanRuntime/7.30.0"

info: ::1 - - [17/Jan/2023:10:47:00 +0000] "DELETE /api/v1/notes/63c67bd092c5b632fcaf1f47 HTTP/1.1" 200 60 "-" "PostmanRuntime/7.30.0"

info: ::1 - - [17/Jan/2023:10:49:32 +0000] "PUT /api/v1/users/forgetPassword HTTP/1.1" 404 47 "-" "PostmanRuntime/7.30.0"

info: ::1 - - [17/Jan/2023:10:50:07 +0000] "GET /api/v1/users/forgetPassword HTTP/1.1" 201 52 "-" "PostmanRuntime/7.30.0"

info: ::1 - - [17/Jan/2023:10:51:42 +0000] "PUT /api/v1/users/resetPassword HTTP/1.1" 201 357 "-" "PostmanRuntime/7.30.0"

