info: ::1 - - [10/Jan/2023:05:40:07 +0000] "GET /api/v1/users/ HTTP/1.1" 200 928 "-" "PostmanRuntime/7.30.0"

info: ::1 - - [10/Jan/2023:05:40:35 +0000] "GET /api/v1/users/ HTTP/1.1" 200 928 "-" "PostmanRuntime/7.30.0"

info: ::1 - - [10/Jan/2023:05:41:03 +0000] "GET /api/v1/users/ HTTP/1.1" 200 928 "-" "PostmanRuntime/7.30.0"

info: ::1 - - [10/Jan/2023:05:43:38 +0000] "POST /api/v1/users/login HTTP/1.1" 200 266 "-" "PostmanRuntime/7.30.0"

info: ::1 - - [10/Jan/2023:10:46:03 +0000] "POST /api/v1/users/login HTTP/1.1" 500 53 "-" "PostmanRuntime/7.30.0"

info: ::1 - - [10/Jan/2023:10:46:14 +0000] "POST /api/v1/users/ HTTP/1.1" 500 55 "-" "PostmanRuntime/7.30.0"

info: ::1 - - [10/Jan/2023:10:48:12 +0000] "POST /api/v1/users/ HTTP/1.1" 201 333 "-" "PostmanRuntime/7.30.0"

info: ::1 - - [10/Jan/2023:10:49:13 +0000] "POST /api/v1/users/login HTTP/1.1" 200 43 "-" "PostmanRuntime/7.30.0"

info: ::1 - - [10/Jan/2023:10:50:56 +0000] "POST /api/v1/users/login HTTP/1.1" 200 326 "-" "PostmanRuntime/7.30.0"

info: ::1 - - [10/Jan/2023:11:28:35 +0000] "POST /api/v1/users/login HTTP/1.1" 500 53 "-" "PostmanRuntime/7.30.0"

info: ::1 - - [10/Jan/2023:11:32:19 +0000] "POST /api/v1/users/login HTTP/1.1" 200 326 "-" "PostmanRuntime/7.30.0"

info: ::1 - - [10/Jan/2023:11:32:28 +0000] "POST /api/v1/users/login HTTP/1.1" 500 53 "-" "PostmanRuntime/7.30.0"

info: ::1 - - [10/Jan/2023:11:42:50 +0000] "POST /api/v1/users/login HTTP/1.1" 500 53 "-" "PostmanRuntime/7.30.0"

info: ::1 - - [10/Jan/2023:11:43:13 +0000] "POST /api/v1/users/login HTTP/1.1" 500 53 "-" "PostmanRuntime/7.30.0"

info: ::1 - - [10/Jan/2023:11:43:20 +0000] "POST /api/v1/users/ HTTP/1.1" 404 47 "-" "PostmanRuntime/7.30.0"

info: ::1 - - [10/Jan/2023:11:43:32 +0000] "POST /api/v1/users HTTP/1.1" 404 47 "-" "PostmanRuntime/7.30.0"

info: ::1 - - [10/Jan/2023:11:44:42 +0000] "POST /api/v1/users HTTP/1.1" 500 55 "-" "PostmanRuntime/7.30.0"

info: ::1 - - [10/Jan/2023:11:46:11 +0000] "POST /api/v1/users HTTP/1.1" 500 66 "-" "PostmanRuntime/7.30.0"

info: ::1 - - [10/Jan/2023:11:46:37 +0000] "POST /api/v1/users HTTP/1.1" 201 322 "-" "PostmanRuntime/7.30.0"

info: ::1 - - [10/Jan/2023:11:46:54 +0000] "POST /api/v1/users/login HTTP/1.1" 200 315 "-" "PostmanRuntime/7.30.0"

info: ::1 - - [10/Jan/2023:11:49:19 +0000] "GET /JiAbqVp.Z0TX7RJdf92uvtN4ozCpATvLaXBgh.G HTTP/1.1" 404 47 "-" "Mozilla/5.0 (Windows NT 10.0; Win64; x64) AppleWebKit/537.36 (KHTML, like Gecko) Chrome/107.0.0.0 Safari/537.36 Edg/107.0.1418.56"

info: ::1 - - [10/Jan/2023:11:49:21 +0000] "GET /favicon.ico HTTP/1.1" 404 47 "-" "Mozilla/5.0 (Windows NT 10.0; Win64; x64) AppleWebKit/537.36 (KHTML, like Gecko) Chrome/107.0.0.0 Safari/537.36 Edg/107.0.1418.56"

info: ::1 - - [10/Jan/2023:13:06:18 +0000] "POST /api/v1/users/login HTTP/1.1" 200 315 "-" "PostmanRuntime/7.30.0"

info: ::1 - - [10/Jan/2023:13:06:26 +0000] "POST /api/v1/users/login HTTP/1.1" 500 53 "-" "PostmanRuntime/7.30.0"

info: ::1 - - [10/Jan/2023:13:06:57 +0000] "POST /api/v1/users/login HTTP/1.1" 500 53 "-" "PostmanRuntime/7.30.0"

info: ::1 - - [10/Jan/2023:13:27:17 +0000] "POST /api/v1/users HTTP/1.1" 201 286 "-" "PostmanRuntime/7.30.0"

info: ::1 - - [10/Jan/2023:13:27:31 +0000] "POST /api/v1/users/l HTTP/1.1" 404 47 "-" "PostmanRuntime/7.30.0"

info: ::1 - - [10/Jan/2023:13:27:43 +0000] "POST /api/v1/users/login HTTP/1.1" 200 279 "-" "PostmanRuntime/7.30.0"

info: ::1 - - [10/Jan/2023:13:42:52 +0000] "POST /api/v1/users/login HTTP/1.1" 200 279 "-" "PostmanRuntime/7.30.0"

info: ::1 - - [10/Jan/2023:13:44:36 +0000] "POST /api/v1/users/login HTTP/1.1" 500 53 "-" "PostmanRuntime/7.30.0"

info: ::1 - - [10/Jan/2023:13:58:37 +0000] "POST /api/v1/users/login HTTP/1.1" 500 53 "-" "PostmanRuntime/7.30.0"

info: ::1 - - [10/Jan/2023:13:58:43 +0000] "POST /api/v1/users/login HTTP/1.1" 500 53 "-" "PostmanRuntime/7.30.0"

info: ::1 - - [10/Jan/2023:13:59:36 +0000] "POST /api/v1/users/login HTTP/1.1" 500 53 "-" "PostmanRuntime/7.30.0"

info: ::1 - - [10/Jan/2023:14:00:01 +0000] "POST /api/v1/users/login HTTP/1.1" 500 53 "-" "PostmanRuntime/7.30.0"

info: ::1 - - [10/Jan/2023:15:19:56 +0000] "POST /api/v1/users/login HTTP/1.1" 500 53 "-" "PostmanRuntime/7.30.0"

info: ::1 - - [10/Jan/2023:15:20:42 +0000] "POST /api/v1/users/login HTTP/1.1" 500 53 "-" "PostmanRuntime/7.30.0"

info: ::1 - - [10/Jan/2023:15:20:59 +0000] "POST /api/v1/users/login HTTP/1.1" 500 53 "-" "PostmanRuntime/7.30.0"

info: ::1 - - [10/Jan/2023:15:21:36 +0000] "POST /api/v1/users/ HTTP/1.1" 201 342 "-" "PostmanRuntime/7.30.0"

info: ::1 - - [10/Jan/2023:15:23:14 +0000] "POST /api/v1/users/ HTTP/1.1" 500 60 "-" "PostmanRuntime/7.30.0"

info: ::1 - - [10/Jan/2023:15:27:20 +0000] "POST /api/v1/users/ HTTP/1.1" 500 162 "-" "PostmanRuntime/7.30.0"

info: ::1 - - [10/Jan/2023:15:35:26 +0000] "POST /api/v1/users/ HTTP/1.1" 500 162 "-" "PostmanRuntime/7.30.0"

info: ::1 - - [10/Jan/2023:15:43:33 +0000] "POST /api/v1/users/ HTTP/1.1" 201 321 "-" "PostmanRuntime/7.30.0"

info: ::1 - - [10/Jan/2023:15:44:32 +0000] "POST /api/v1/users/login HTTP/1.1" 200 43 "-" "PostmanRuntime/7.30.0"

info: ::1 - - [10/Jan/2023:15:45:29 +0000] "POST /api/v1/users/login HTTP/1.1" 200 43 "-" "PostmanRuntime/7.30.0"

info: ::1 - - [10/Jan/2023:15:48:42 +0000] "POST /api/v1/users/login HTTP/1.1" 200 43 "-" "PostmanRuntime/7.30.0"

info: ::1 - - [10/Jan/2023:15:50:18 +0000] "POST /api/v1/users/login HTTP/1.1" 200 43 "-" "PostmanRuntime/7.30.0"

info: ::1 - - [10/Jan/2023:15:54:03 +0000] "POST /api/v1/users/login HTTP/1.1" 200 43 "-" "PostmanRuntime/7.30.0"

info: ::1 - - [10/Jan/2023:15:59:42 +0000] "POST /api/v1/users/login HTTP/1.1" 200 314 "-" "PostmanRuntime/7.30.0"

info: ::1 - - [10/Jan/2023:16:01:53 +0000] "POST /api/v1/users/ HTTP/1.1" 201 323 "-" "PostmanRuntime/7.30.0"

info: ::1 - - [10/Jan/2023:16:02:05 +0000] "POST /api/v1/users/login HTTP/1.1" 200 316 "-" "PostmanRuntime/7.30.0"

