info: ::1 - - [13/Jan/2023:03:39:19 +0000] "POST /api/v1/users/login HTTP/1.1" 200 241 "-" "PostmanRuntime/7.30.0"

info: ::1 - - [13/Jan/2023:04:01:56 +0000] "POST /api/v1/users/login HTTP/1.1" 200 241 "-" "PostmanRuntime/7.30.0"

info: ::1 - - [13/Jan/2023:04:03:18 +0000] "POST /api/v1/notes/add HTTP/1.1" 500 59 "-" "PostmanRuntime/7.30.0"

info: ::1 - - [13/Jan/2023:04:06:04 +0000] "POST /api/v1/notes/add HTTP/1.1" 400 56 "-" "PostmanRuntime/7.30.0"

info: ::1 - - [13/Jan/2023:04:06:30 +0000] "POST /api/v1/notes/add HTTP/1.1" 201 281 "-" "PostmanRuntime/7.30.0"

info: ::1 - - [13/Jan/2023:04:06:58 +0000] "POST /api/v1/notes/add HTTP/1.1" 500 52 "-" "PostmanRuntime/7.30.0"

info: ::1 - - [13/Jan/2023:04:07:12 +0000] "POST /api/v1/notes/add HTTP/1.1" 500 52 "-" "PostmanRuntime/7.30.0"

info: ::1 - - [13/Jan/2023:04:07:27 +0000] "POST /api/v1/notes/add HTTP/1.1" 201 281 "-" "PostmanRuntime/7.30.0"

info: ::1 - - [13/Jan/2023:04:08:24 +0000] "GET /api/v1/notes HTTP/1.1" 200 2474 "-" "PostmanRuntime/7.30.0"

info: ::1 - - [13/Jan/2023:05:44:54 +0000] "GET /api/v1/notes HTTP/1.1" 500 93 "-" "PostmanRuntime/7.30.0"

info: ::1 - - [13/Jan/2023:07:38:13 +0000] "POST /api/v1/users/registerUser HTTP/1.1" 201 320 "-" "PostmanRuntime/7.30.0"

info: ::1 - - [13/Jan/2023:07:38:39 +0000] "POST /api/v1/users/registerUser HTTP/1.1" 201 326 "-" "PostmanRuntime/7.30.0"

info: ::1 - - [13/Jan/2023:07:38:56 +0000] "POST /api/v1/users/registerUser HTTP/1.1" 201 320 "-" "PostmanRuntime/7.30.0"

info: ::1 - - [13/Jan/2023:07:39:46 +0000] "POST /api/v1/users/login HTTP/1.1" 200 240 "-" "PostmanRuntime/7.30.0"

info: ::1 - - [13/Jan/2023:07:40:37 +0000] "POST /api/v1/users/login HTTP/1.1" 200 244 "-" "PostmanRuntime/7.30.0"

info: ::1 - - [13/Jan/2023:07:41:10 +0000] "POST /api/v1/users/login HTTP/1.1" 200 240 "-" "PostmanRuntime/7.30.0"

info: ::1 - - [13/Jan/2023:07:48:18 +0000] "POST /api/v1/notes/add HTTP/1.1" 500 58 "-" "PostmanRuntime/7.30.0"

info: ::1 - - [13/Jan/2023:07:52:20 +0000] "POST /api/v1/notes/add HTTP/1.1" 500 58 "-" "PostmanRuntime/7.30.0"

info: ::1 - - [13/Jan/2023:07:54:19 +0000] "POST /api/v1/notes/add HTTP/1.1" 500 52 "-" "PostmanRuntime/7.30.0"

info: ::1 - - [13/Jan/2023:07:58:58 +0000] "POST /api/v1/notes/add HTTP/1.1" 500 58 "-" "PostmanRuntime/7.30.0"

info: ::1 - - [13/Jan/2023:08:00:13 +0000] "POST /api/v1/notes/add HTTP/1.1" 500 87 "-" "PostmanRuntime/7.30.0"

info: ::1 - - [13/Jan/2023:08:01:11 +0000] "POST /api/v1/notes/add HTTP/1.1" 500 52 "-" "PostmanRuntime/7.30.0"

info: ::1 - - [13/Jan/2023:08:03:03 +0000] "POST /api/v1/notes/add HTTP/1.1" 201 687 "-" "PostmanRuntime/7.30.0"

info: ::1 - - [13/Jan/2023:08:03:35 +0000] "POST /api/v1/notes/add HTTP/1.1" 201 692 "-" "PostmanRuntime/7.30.0"

info: ::1 - - [13/Jan/2023:08:03:55 +0000] "POST /api/v1/notes/add HTTP/1.1" 201 710 "-" "PostmanRuntime/7.30.0"

info: ::1 - - [13/Jan/2023:08:05:55 +0000] "POST /api/v1/notes/add HTTP/1.1" 201 634 "-" "PostmanRuntime/7.30.0"

info: ::1 - - [13/Jan/2023:08:06:19 +0000] "POST /api/v1/notes/add HTTP/1.1" 201 698 "-" "PostmanRuntime/7.30.0"

info: ::1 - - [13/Jan/2023:08:06:43 +0000] "POST /api/v1/notes/add HTTP/1.1" 201 612 "-" "PostmanRuntime/7.30.0"

info: ::1 - - [13/Jan/2023:08:07:32 +0000] "POST /api/v1/notes/add HTTP/1.1" 201 711 "-" "PostmanRuntime/7.30.0"

info: ::1 - - [13/Jan/2023:08:07:52 +0000] "POST /api/v1/notes/add HTTP/1.1" 201 703 "-" "PostmanRuntime/7.30.0"

info: ::1 - - [13/Jan/2023:08:08:23 +0000] "POST /api/v1/notes/add HTTP/1.1" 201 724 "-" "PostmanRuntime/7.30.0"

info: ::1 - - [13/Jan/2023:08:18:41 +0000] "GET /api/v1/notes/rahul123@gmail.com HTTP/1.1" 500 140 "-" "PostmanRuntime/7.30.0"

info: ::1 - - [13/Jan/2023:08:19:52 +0000] "GET /api/v1/notes/rahul123@gmail.com HTTP/1.1" 500 140 "-" "PostmanRuntime/7.30.0"

info: ::1 - - [13/Jan/2023:08:21:41 +0000] "GET /api/v1/notes HTTP/1.1" 200 5722 "-" "PostmanRuntime/7.30.0"

info: ::1 - - [13/Jan/2023:08:25:37 +0000] "GET /api/v1/notes/all HTTP/1.1" 500 125 "-" "PostmanRuntime/7.30.0"

info: ::1 - - [13/Jan/2023:08:28:12 +0000] "GET /api/v1/notes/all HTTP/1.1" 500 107 "-" "PostmanRuntime/7.30.0"

info: ::1 - - [13/Jan/2023:08:31:23 +0000] "GET /api/v1/notes/all HTTP/1.1" 500 107 "-" "PostmanRuntime/7.30.0"

info: ::1 - - [13/Jan/2023:08:31:39 +0000] "GET /api/v1/notes/all HTTP/1.1" 500 107 "-" "PostmanRuntime/7.30.0"

info: ::1 - - [13/Jan/2023:08:32:30 +0000] "GET /api/v1/notes/all HTTP/1.1" 500 107 "-" "PostmanRuntime/7.30.0"

info: ::1 - - [13/Jan/2023:08:34:30 +0000] "GET /api/v1/notes/all HTTP/1.1" 500 107 "-" "PostmanRuntime/7.30.0"

info: ::1 - - [13/Jan/2023:08:35:44 +0000] "GET /api/v1/notes/all HTTP/1.1" 500 107 "-" "PostmanRuntime/7.30.0"

info: ::1 - - [13/Jan/2023:09:14:29 +0000] "GET /api/v1/notes/all HTTP/1.1" 200 2026 "-" "PostmanRuntime/7.30.0"

info: ::1 - - [13/Jan/2023:09:18:03 +0000] "GET /api/v1/notes/63c11158862cf415b0295b42 HTTP/1.1" 200 703 "-" "PostmanRuntime/7.30.0"

info: ::1 - - [13/Jan/2023:09:19:55 +0000] "GET /api/v1/notes/add HTTP/1.1" 500 125 "-" "PostmanRuntime/7.30.0"

info: ::1 - - [13/Jan/2023:09:20:07 +0000] "POST /api/v1/notes/add HTTP/1.1" 201 303 "-" "PostmanRuntime/7.30.0"

info: ::1 - - [13/Jan/2023:09:21:16 +0000] "PUT /api/v1/notes/63c12247c9a8de0ef8ced623 HTTP/1.1" 202 281 "-" "PostmanRuntime/7.30.0"

info: ::1 - - [13/Jan/2023:09:21:49 +0000] "DELETE /api/v1/notes/63c12247c9a8de0ef8ced623 HTTP/1.1" 200 60 "-" "PostmanRuntime/7.30.0"

info: ::1 - - [13/Jan/2023:09:27:35 +0000] "GET /api/v1/notes/all HTTP/1.1" 200 2026 "-" "PostmanRuntime/7.30.0"

info: ::1 - - [13/Jan/2023:09:28:04 +0000] "GET /api/v1/notes/all HTTP/1.1" 200 1977 "-" "PostmanRuntime/7.30.0"

info: ::1 - - [13/Jan/2023:09:31:23 +0000] "POST /api/v1/users/registerUser HTTP/1.1" 500 60 "-" "PostmanRuntime/7.30.0"

info: ::1 - - [13/Jan/2023:09:33:03 +0000] "POST /api/v1/users//registerUser HTTP/1.1" 500 60 "-" "PostmanRuntime/7.30.0"

info: ::1 - - [13/Jan/2023:09:35:07 +0000] "GET /api/v1/notes/all HTTP/1.1" 200 1977 "-" "PostmanRuntime/7.30.0"

info: ::1 - - [13/Jan/2023:09:35:58 +0000] "POST /api/v1/users/registerUser HTTP/1.1" 500 60 "-" "PostmanRuntime/7.30.0"

info: ::1 - - [13/Jan/2023:09:36:25 +0000] "POST /api/v1/users/login HTTP/1.1" 200 244 "-" "PostmanRuntime/7.30.0"

info: ::1 - - [13/Jan/2023:09:37:06 +0000] "POST /api/v1/users/registerUser HTTP/1.1" 500 60 "-" "PostmanRuntime/7.30.0"

info: ::1 - - [13/Jan/2023:09:37:29 +0000] "POST /api/v1/users/registerUser HTTP/1.1" 201 322 "-" "PostmanRuntime/7.30.0"

info: ::1 - - [13/Jan/2023:09:38:08 +0000] "POST /api/v1/users/login HTTP/1.1" 200 241 "-" "PostmanRuntime/7.30.0"

info: ::1 - - [13/Jan/2023:09:40:43 +0000] "POST /api/v1/note/add HTTP/1.1" 404 47 "-" "PostmanRuntime/7.30.0"

info: ::1 - - [13/Jan/2023:09:40:55 +0000] "POST /api/v1/notes/add HTTP/1.1" 500 58 "-" "PostmanRuntime/7.30.0"

info: ::1 - - [13/Jan/2023:09:41:24 +0000] "POST /api/v1/notes/add HTTP/1.1" 201 292 "-" "PostmanRuntime/7.30.0"

info: ::1 - - [13/Jan/2023:09:42:33 +0000] "POST /api/v1/notes/add HTTP/1.1" 201 306 "-" "PostmanRuntime/7.30.0"

info: ::1 - - [13/Jan/2023:09:42:58 +0000] "GET /api/v1/notes/ HTTP/1.1" 200 6206 "-" "PostmanRuntime/7.30.0"

info: ::1 - - [13/Jan/2023:09:43:38 +0000] "GET /api/v1/notes/all HTTP/1.1" 200 543 "-" "PostmanRuntime/7.30.0"

info: ::1 - - [13/Jan/2023:09:43:53 +0000] "GET /api/v1/notes/63c1274452b13c3afc29fa0e HTTP/1.1" 200 292 "-" "PostmanRuntime/7.30.0"

info: ::1 - - [13/Jan/2023:09:45:17 +0000] "PUT /api/v1/notes/63c1274452b13c3afc29fa0e HTTP/1.1" 202 304 "-" "PostmanRuntime/7.30.0"

info: ::1 - - [13/Jan/2023:09:45:29 +0000] "DELETE /api/v1/notes/63c1274452b13c3afc29fa0e HTTP/1.1" 200 60 "-" "PostmanRuntime/7.30.0"

info: ::1 - - [13/Jan/2023:09:45:42 +0000] "POST /api/v1/notes/add HTTP/1.1" 201 304 "-" "PostmanRuntime/7.30.0"

info: ::1 - - [13/Jan/2023:09:47:43 +0000] "GET /api/v1/notes/ HTTP/1.1" 200 6218 "-" "PostmanRuntime/7.30.0"

info: ::1 - - [13/Jan/2023:12:15:26 +0000] "GET /api/v1/notes/all HTTP/1.1" 200 555 "-" "PostmanRuntime/7.30.0"

info: ::1 - - [13/Jan/2023:12:16:31 +0000] "GET /api/v1/notes/all HTTP/1.1" 200 555 "-" "PostmanRuntime/7.30.0"

info: ::1 - - [13/Jan/2023:12:16:39 +0000] "GET /api/v1/notes/all HTTP/1.1" 200 555 "-" "PostmanRuntime/7.30.0"

info: ::1 - - [13/Jan/2023:12:20:54 +0000] "POST /api/v1/notes/add HTTP/1.1" 500 58 "-" "PostmanRuntime/7.30.0"

info: ::1 - - [13/Jan/2023:12:21:51 +0000] "POST /api/v1/notes/add HTTP/1.1" 201 264 "-" "PostmanRuntime/7.30.0"

info: ::1 - - [13/Jan/2023:12:24:07 +0000] "POST /api/v1/notes/add HTTP/1.1" 201 282 "-" "PostmanRuntime/7.30.0"

info: ::1 - - [13/Jan/2023:12:27:05 +0000] "POST /api/v1/notes/add HTTP/1.1" 500 58 "-" "PostmanRuntime/7.30.0"

info: ::1 - - [13/Jan/2023:12:32:34 +0000] "POST /api/v1/notes/add HTTP/1.1" 500 55 "-" "PostmanRuntime/7.30.0"

info: ::1 - - [13/Jan/2023:12:32:48 +0000] "POST /api/v1/notes/add HTTP/1.1" 201 282 "-" "PostmanRuntime/7.30.0"

info: ::1 - - [13/Jan/2023:12:33:07 +0000] "POST /api/v1/notes/add HTTP/1.1" 500 55 "-" "PostmanRuntime/7.30.0"

info: ::1 - - [13/Jan/2023:12:34:26 +0000] "POST /api/v1/notes/add HTTP/1.1" 400 43 "-" "PostmanRuntime/7.30.0"

info: ::1 - - [13/Jan/2023:12:34:39 +0000] "POST /api/v1/notes/add HTTP/1.1" 201 282 "-" "PostmanRuntime/7.30.0"

info: ::1 - - [13/Jan/2023:12:34:55 +0000] "POST /api/v1/notes/all HTTP/1.1" 404 47 "-" "PostmanRuntime/7.30.0"

info: ::1 - - [13/Jan/2023:12:35:03 +0000] "GET /api/v1/notes/all HTTP/1.1" 200 2859 "-" "PostmanRuntime/7.30.0"

info: ::1 - - [13/Jan/2023:12:36:18 +0000] "GET /api/v1/notes/ HTTP/1.1" 404 47 "-" "PostmanRuntime/7.30.0"

info: ::1 - - [13/Jan/2023:12:36:31 +0000] "GET /api/v1/notes/all HTTP/1.1" 200 555 "-" "PostmanRuntime/7.30.0"

info: ::1 - - [13/Jan/2023:12:39:04 +0000] "POST /api/v1/notes/add HTTP/1.1" 201 272 "-" "PostmanRuntime/7.30.0"

info: ::1 - - [13/Jan/2023:12:39:20 +0000] "POST /api/v1/notes/63c150e89ecefa41403dc1ec HTTP/1.1" 404 47 "-" "PostmanRuntime/7.30.0"

info: ::1 - - [13/Jan/2023:12:39:27 +0000] "GET /api/v1/notes/63c150e89ecefa41403dc1ec HTTP/1.1" 500 113 "-" "PostmanRuntime/7.30.0"

info: ::1 - - [13/Jan/2023:12:39:42 +0000] "GET /api/v1/notes/63c150e89ecefa41403dc1ec HTTP/1.1" 500 113 "-" "PostmanRuntime/7.30.0"

info: ::1 - - [13/Jan/2023:12:40:53 +0000] "GET /api/v1/notes/all HTTP/1.1" 200 770 "-" "PostmanRuntime/7.30.0"

info: ::1 - - [13/Jan/2023:12:41:00 +0000] "GET /api/v1/notes/all HTTP/1.1" 409 43 "-" "PostmanRuntime/7.30.0"

info: ::1 - - [13/Jan/2023:12:55:01 +0000] "GET /api/v1/notes/63c14f6fa5dec6354cd1d309 HTTP/1.1" 500 87 "-" "PostmanRuntime/7.30.0"

info: ::1 - - [13/Jan/2023:12:56:08 +0000] "GET /api/v1/notes/63c14f6fa5dec6354cd1d309 HTTP/1.1" 500 87 "-" "PostmanRuntime/7.30.0"

info: ::1 - - [13/Jan/2023:12:57:23 +0000] "GET /api/v1/notes/63c14f6fa5dec6354cd1d309 HTTP/1.1" 500 113 "-" "PostmanRuntime/7.30.0"

info: ::1 - - [13/Jan/2023:12:59:36 +0000] "GET /api/v1/notes/63c14f6fa5dec6354cd1d309 HTTP/1.1" 500 113 "-" "PostmanRuntime/7.30.0"

info: ::1 - - [13/Jan/2023:13:02:31 +0000] "GET /api/v1/notes/63c14f6fa5dec6354cd1d309 HTTP/1.1" 500 113 "-" "PostmanRuntime/7.30.0"

info: ::1 - - [13/Jan/2023:13:08:14 +0000] "GET /api/v1/notes/63c14f6fa5dec6354cd1d309 HTTP/1.1" 200 282 "-" "PostmanRuntime/7.30.0"

info: ::1 - - [13/Jan/2023:13:08:29 +0000] "GET /api/v1/notes/63c14f6fa5dec6354cd1d309 HTTP/1.1" 401 43 "-" "PostmanRuntime/7.30.0"

info: ::1 - - [13/Jan/2023:13:08:35 +0000] "GET /api/v1/notes/63c14f6fa5dec6354cd1d309 HTTP/1.1" 200 282 "-" "PostmanRuntime/7.30.0"

info: ::1 - - [13/Jan/2023:13:08:41 +0000] "GET /api/v1/notes/63c14f6fa5dec6354cd1d30 HTTP/1.1" 500 145 "-" "PostmanRuntime/7.30.0"

info: ::1 - - [13/Jan/2023:13:10:08 +0000] "GET /api/v1/notes/63c14f6fa5dec6354cd1d30 HTTP/1.1" 500 145 "-" "PostmanRuntime/7.30.0"

info: ::1 - - [13/Jan/2023:13:11:40 +0000] "GET /api/v1/notes/63c1106a862cf415b0295b38 HTTP/1.1" 200 710 "-" "PostmanRuntime/7.30.0"

info: ::1 - - [13/Jan/2023:13:11:53 +0000] "GET /api/v1/notes/63c1106a862cf415b0295b38 HTTP/1.1" 200 710 "-" "PostmanRuntime/7.30.0"

info: ::1 - - [13/Jan/2023:13:12:04 +0000] "GET /api/v1/notes/63c1106a862cf415b0295b39 HTTP/1.1" 500 55 "-" "PostmanRuntime/7.30.0"

info: ::1 - - [13/Jan/2023:13:14:59 +0000] "POST /api/v1/users/registerUser HTTP/1.1" 201 326 "-" "PostmanRuntime/7.30.0"

info: ::1 - - [13/Jan/2023:13:15:34 +0000] "POST /api/v1/users/login HTTP/1.1" 200 241 "-" "PostmanRuntime/7.30.0"

info: ::1 - - [13/Jan/2023:13:18:47 +0000] "GET /api/v1/notes/all HTTP/1.1" 200 60 "-" "PostmanRuntime/7.30.0"

info: ::1 - - [13/Jan/2023:13:20:52 +0000] "GET /api/v1/notes/all HTTP/1.1" 200 60 "-" "PostmanRuntime/7.30.0"

info: ::1 - - [13/Jan/2023:13:21:57 +0000] "GET /api/v1/notes/all HTTP/1.1" 500 55 "-" "PostmanRuntime/7.30.0"

info: ::1 - - [13/Jan/2023:13:27:03 +0000] "GET /api/v1/notes/all HTTP/1.1" 200 1832 "-" "PostmanRuntime/7.30.0"

info: ::1 - - [13/Jan/2023:13:27:25 +0000] "GET /api/v1/notes/63c11113862cf415b0295b3e HTTP/1.1" 200 612 "-" "PostmanRuntime/7.30.0"

info: ::1 - - [13/Jan/2023:13:37:35 +0000] "GET /api/v1/notes/63c11113862cf415b0295b3e HTTP/1.1" 200 612 "-" "PostmanRuntime/7.30.0"

info: ::1 - - [13/Jan/2023:13:38:55 +0000] "POST /api/v1/notes/add HTTP/1.1" 201 298 "-" "PostmanRuntime/7.30.0"

info: ::1 - - [13/Jan/2023:13:39:14 +0000] "GET /api/v1/notes/63c15eee9b40064734a0512a HTTP/1.1" 200 298 "-" "PostmanRuntime/7.30.0"

info: ::1 - - [13/Jan/2023:13:39:21 +0000] "GET /api/v1/notes/63c15eee9b40064734a0512a HTTP/1.1" 401 43 "-" "PostmanRuntime/7.30.0"

info: ::1 - - [13/Jan/2023:13:39:31 +0000] "GET /api/v1/notes/63c15eee9b40064734a0512a HTTP/1.1" 200 298 "-" "PostmanRuntime/7.30.0"

info: ::1 - - [13/Jan/2023:13:40:28 +0000] "PUT /api/v1/notes/63c15eee9b40064734a0512a HTTP/1.1" 500 54 "-" "PostmanRuntime/7.30.0"

info: ::1 - - [13/Jan/2023:13:40:51 +0000] "DELETE /api/v1/notes/63c15eee9b40064734a0512a HTTP/1.1" 200 60 "-" "PostmanRuntime/7.30.0"

info: ::1 - - [13/Jan/2023:13:41:00 +0000] "GET /api/v1/notes/63c15eee9b40064734a0512a HTTP/1.1" 200 62 "-" "PostmanRuntime/7.30.0"

info: ::1 - - [13/Jan/2023:13:42:05 +0000] "POST /api/v1/notes/add HTTP/1.1" 201 360 "-" "PostmanRuntime/7.30.0"

info: ::1 - - [13/Jan/2023:13:42:49 +0000] "DELETE /api/v1/notes/63c15fad9b40064734a05135 HTTP/1.1" 200 60 "-" "PostmanRuntime/7.30.0"

info: ::1 - - [13/Jan/2023:13:43:08 +0000] "POST /api/v1/notes/add HTTP/1.1" 201 360 "-" "PostmanRuntime/7.30.0"

info: ::1 - - [13/Jan/2023:13:48:25 +0000] "POST /api/v1/notes/add HTTP/1.1" 201 306 "-" "PostmanRuntime/7.30.0"

info: ::1 - - [13/Jan/2023:13:48:37 +0000] "GET /api/v1/notes/all HTTP/1.1" 200 2275 "-" "PostmanRuntime/7.30.0"

info: ::1 - - [13/Jan/2023:13:49:05 +0000] "GET /api/v1/notes/63c1612805e6ed1370e2af72 HTTP/1.1" 200 306 "-" "PostmanRuntime/7.30.0"

info: ::1 - - [13/Jan/2023:13:50:10 +0000] "PUT /api/v1/notes/63c1612805e6ed1370e2af72 HTTP/1.1" 500 160 "-" "PostmanRuntime/7.30.0"

info: ::1 - - [13/Jan/2023:13:54:01 +0000] "PUT /api/v1/notes/63c1612805e6ed1370e2af72 HTTP/1.1" 500 160 "-" "PostmanRuntime/7.30.0"

info: ::1 - - [13/Jan/2023:13:55:15 +0000] "PUT /api/v1/notes/63c1612805e6ed1370e2af72 HTTP/1.1" 500 56 "-" "PostmanRuntime/7.30.0"

info: ::1 - - [13/Jan/2023:13:55:57 +0000] "PUT /api/v1/notes/63c1612805e6ed1370e2af72 HTTP/1.1" 202 398 "-" "PostmanRuntime/7.30.0"

