info: ::1 - - [16/Jan/2023:05:16:59 +0000] "POST /api/v1/users/registerUser HTTP/1.1" 201 320 "-" "PostmanRuntime/7.30.0"

info: ::1 - - [16/Jan/2023:05:17:22 +0000] "POST /api/v1/users/login HTTP/1.1" 200 240 "-" "PostmanRuntime/7.30.0"

info: ::1 - - [16/Jan/2023:05:18:45 +0000] "POST /api/v1/notes/add HTTP/1.1" 201 286 "-" "PostmanRuntime/7.30.0"

info: ::1 - - [16/Jan/2023:05:19:11 +0000] "GET /api/v1/notes/63c4de3488f44943e4789118 HTTP/1.1" 200 286 "-" "PostmanRuntime/7.30.0"

info: ::1 - - [16/Jan/2023:05:19:54 +0000] "PUT /api/v1/notes/63c4de3488f44943e4789118 HTTP/1.1" 202 292 "-" "PostmanRuntime/7.30.0"

info: ::1 - - [16/Jan/2023:05:20:01 +0000] "DELETE /api/v1/notes/63c4de3488f44943e4789118 HTTP/1.1" 200 60 "-" "PostmanRuntime/7.30.0"

info: ::1 - - [16/Jan/2023:05:20:38 +0000] "POST /api/v1/notes/add HTTP/1.1" 201 292 "-" "PostmanRuntime/7.30.0"

info: ::1 - - [16/Jan/2023:05:20:50 +0000] "GET /api/v1/notes/all HTTP/1.1" 200 294 "-" "PostmanRuntime/7.30.0"

info: ::1 - - [16/Jan/2023:05:21:12 +0000] "DELETE /api/v1/notes/63c4dea688f44943e4789120 HTTP/1.1" 200 60 "-" "PostmanRuntime/7.30.0"

info: ::1 - - [16/Jan/2023:07:54:17 +0000] "POST /api/v1/notes/add HTTP/1.1" 500 58 "-" "PostmanRuntime/7.30.0"

info: ::1 - - [16/Jan/2023:07:55:57 +0000] "POST /api/v1/notes/add HTTP/1.1" 201 715 "-" "PostmanRuntime/7.30.0"

info: ::1 - - [16/Jan/2023:07:56:24 +0000] "POST /api/v1/notes/add HTTP/1.1" 201 720 "-" "PostmanRuntime/7.30.0"

info: ::1 - - [16/Jan/2023:07:56:44 +0000] "POST /api/v1/notes/add HTTP/1.1" 201 738 "-" "PostmanRuntime/7.30.0"

info: ::1 - - [16/Jan/2023:07:57:15 +0000] "PUT /api/v1/notes/63c5033c8d6395360411450c/archive HTTP/1.1" 202 347 "-" "PostmanRuntime/7.30.0"

info: ::1 - - [16/Jan/2023:08:02:05 +0000] "PATCH /api/v1/notes/63c5033c8d6395360411450c/archive HTTP/1.1" 202 347 "-" "PostmanRuntime/7.30.0"

info: ::1 - - [16/Jan/2023:08:18:52 +0000] "PATCH /api/v1/notes/63c5033c8d6395360411450c/archive HTTP/1.1" 202 347 "-" "PostmanRuntime/7.30.0"

info: ::1 - - [16/Jan/2023:08:23:54 +0000] "PATCH /api/v1/notes/63c5033c8d6395360411450c/archive HTTP/1.1" 500 53 "-" "PostmanRuntime/7.30.0"

info: ::1 - - [16/Jan/2023:08:24:45 +0000] "PATCH /api/v1/notes/63c5033c8d6395360411450c/archive HTTP/1.1" 202 347 "-" "PostmanRuntime/7.30.0"

info: ::1 - - [16/Jan/2023:08:33:04 +0000] "PATCH /api/v1/notes/63c5033c8d6395360411450c/archive HTTP/1.1" 202 347 "-" "PostmanRuntime/7.30.0"

info: ::1 - - [16/Jan/2023:08:34:00 +0000] "PATCH /api/v1/notes/63c5033c8d6395360411450c/archive HTTP/1.1" 202 347 "-" "PostmanRuntime/7.30.0"

info: ::1 - - [16/Jan/2023:08:34:40 +0000] "PUT /api/v1/notes/63c5033c8d6395360411450c/archive HTTP/1.1" 202 347 "-" "PostmanRuntime/7.30.0"

info: ::1 - - [16/Jan/2023:08:40:32 +0000] "PUT /api/v1/notes/63c5033c8d6395360411450c/archive HTTP/1.1" 202 52 "-" "PostmanRuntime/7.30.0"

info: ::1 - - [16/Jan/2023:08:45:05 +0000] "POST /api/v1/notes/add HTTP/1.1" 201 736 "-" "PostmanRuntime/7.30.0"

info: ::1 - - [16/Jan/2023:08:46:21 +0000] "PUT /api/v1/notes/63c50e912680a7322481e871/archive HTTP/1.1" 202 347 "-" "PostmanRuntime/7.30.0"

info: ::1 - - [16/Jan/2023:08:50:42 +0000] "PUT /api/v1/notes/63c50e912680a7322481e871/archive HTTP/1.1" 202 52 "-" "PostmanRuntime/7.30.0"

info: ::1 - - [16/Jan/2023:08:54:25 +0000] "PUT /api/v1/notes/63c50e912680a7322481e871/archive HTTP/1.1" 202 52 "-" "PostmanRuntime/7.30.0"

info: ::1 - - [16/Jan/2023:08:55:34 +0000] "PUT /api/v1/notes/63c5030d8d63953604114508/archive HTTP/1.1" 202 52 "-" "PostmanRuntime/7.30.0"

info: ::1 - - [16/Jan/2023:10:27:22 +0000] "PUT /api/v1/notes/63c5030d8d63953604114508/archive HTTP/1.1" 202 347 "-" "PostmanRuntime/7.30.0"

info: ::1 - - [16/Jan/2023:10:29:38 +0000] "PUT /api/v1/notes/63c5030d8d63953604114508/archive HTTP/1.1" 202 347 "-" "PostmanRuntime/7.30.0"

info: ::1 - - [16/Jan/2023:10:33:50 +0000] "PUT /api/v1/notes/63c5030d8d63953604114508/archive HTTP/1.1" 202 347 "-" "PostmanRuntime/7.30.0"

info: ::1 - - [16/Jan/2023:10:36:54 +0000] "PUT /api/v1/notes/63c5030d8d63953604114508/archive HTTP/1.1" 202 347 "-" "PostmanRuntime/7.30.0"

info: ::1 - - [16/Jan/2023:10:46:16 +0000] "PUT /api/v1/notes/63c5030d8d63953604114508/archive HTTP/1.1" 202 347 "-" "PostmanRuntime/7.30.0"

info: ::1 - - [16/Jan/2023:10:51:14 +0000] "PUT /api/v1/notes/63c5030d8d63953604114508/archive HTTP/1.1" 202 347 "-" "PostmanRuntime/7.30.0"

info: ::1 - - [16/Jan/2023:11:01:13 +0000] "PUT /api/v1/notes/63c5030d8d63953604114508/archive HTTP/1.1" 500 54 "-" "PostmanRuntime/7.30.0"

info: ::1 - - [16/Jan/2023:11:03:28 +0000] "PUT /api/v1/notes/63c5030d8d63953604114508/archive HTTP/1.1" 202 347 "-" "PostmanRuntime/7.30.0"

info: ::1 - - [16/Jan/2023:11:04:19 +0000] "PUT /api/v1/notes/63c5030d8d63953604114508/archive HTTP/1.1" 202 347 "-" "PostmanRuntime/7.30.0"

info: ::1 - - [16/Jan/2023:11:05:54 +0000] "PUT /api/v1/notes/63c5030d8d63953604114508/archive HTTP/1.1" 202 52 "-" "PostmanRuntime/7.30.0"

info: ::1 - - [16/Jan/2023:11:07:03 +0000] "PUT /api/v1/notes/63c5030d8d63953604114508/archive HTTP/1.1" 202 347 "-" "PostmanRuntime/7.30.0"

info: ::1 - - [16/Jan/2023:11:08:12 +0000] "PUT /api/v1/notes/63c5030d8d63953604114508/archive HTTP/1.1" 202 347 "-" "PostmanRuntime/7.30.0"

info: ::1 - - [16/Jan/2023:11:09:39 +0000] "PUT /api/v1/notes/63c5030d8d63953604114508/archive HTTP/1.1" 202 347 "-" "PostmanRuntime/7.30.0"

info: ::1 - - [16/Jan/2023:11:11:24 +0000] "PUT /api/v1/notes/63c5030d8d63953604114508/archive HTTP/1.1" 202 347 "-" "PostmanRuntime/7.30.0"

info: ::1 - - [16/Jan/2023:11:11:37 +0000] "PUT /api/v1/notes/63c5030d8d63953604114508/archive HTTP/1.1" 202 347 "-" "PostmanRuntime/7.30.0"

info: ::1 - - [16/Jan/2023:11:11:48 +0000] "PUT /api/v1/notes/63c5030d8d63953604114508/archive HTTP/1.1" 202 347 "-" "PostmanRuntime/7.30.0"

info: ::1 - - [16/Jan/2023:11:14:05 +0000] "PUT /api/v1/notes/63c5030d8d63953604114508/archive HTTP/1.1" 202 347 "-" "PostmanRuntime/7.30.0"

info: ::1 - - [16/Jan/2023:11:14:42 +0000] "PUT /api/v1/notes/63c5030d8d63953604114508/archive HTTP/1.1" 202 347 "-" "PostmanRuntime/7.30.0"

info: ::1 - - [16/Jan/2023:11:15:51 +0000] "PUT /api/v1/notes/63c5030d8d63953604114508/archive HTTP/1.1" 202 347 "-" "PostmanRuntime/7.30.0"

info: ::1 - - [16/Jan/2023:11:17:09 +0000] "PUT /api/v1/notes/63c5030d8d63953604114508/archive HTTP/1.1" 202 347 "-" "PostmanRuntime/7.30.0"

info: ::1 - - [16/Jan/2023:11:17:32 +0000] "PUT /api/v1/notes/63c5030d8d63953604114508/archive HTTP/1.1" 202 347 "-" "PostmanRuntime/7.30.0"

info: ::1 - - [16/Jan/2023:11:18:20 +0000] "PUT /api/v1/notes/63c5030d8d63953604114508/archive HTTP/1.1" 202 347 "-" "PostmanRuntime/7.30.0"

info: ::1 - - [16/Jan/2023:11:19:11 +0000] "PUT /api/v1/notes/63c5030d8d63953604114508/archive HTTP/1.1" 202 347 "-" "PostmanRuntime/7.30.0"

info: ::1 - - [16/Jan/2023:11:24:17 +0000] "PUT /api/v1/notes/63c5030d8d63953604114508/archive HTTP/1.1" 202 347 "-" "PostmanRuntime/7.30.0"

info: ::1 - - [16/Jan/2023:11:26:25 +0000] "PUT /api/v1/notes/63c5030d8d63953604114508/archive HTTP/1.1" 202 347 "-" "PostmanRuntime/7.30.0"

info: ::1 - - [16/Jan/2023:11:27:31 +0000] "PUT /api/v1/notes/63c5030d8d63953604114508/archive HTTP/1.1" 202 347 "-" "PostmanRuntime/7.30.0"

info: ::1 - - [16/Jan/2023:11:28:54 +0000] "PUT /api/v1/notes/63c5030d8d63953604114508/archive HTTP/1.1" 202 347 "-" "PostmanRuntime/7.30.0"

info: ::1 - - [16/Jan/2023:11:31:02 +0000] "PUT /api/v1/notes/63c5030d8d63953604114508/archive HTTP/1.1" 202 347 "-" "PostmanRuntime/7.30.0"

info: ::1 - - [16/Jan/2023:11:31:22 +0000] "PUT /api/v1/notes/63c5030d8d63953604114508/trash HTTP/1.1" 202 349 "-" "PostmanRuntime/7.30.0"

