info: ::1 - - [12/Jan/2023:04:48:10 +0000] "POST /api/v1/note/create HTTP/1.1" 404 47 "-" "PostmanRuntime/7.30.0"

info: ::1 - - [12/Jan/2023:04:51:02 +0000] "POST /api/v1/note HTTP/1.1" 404 47 "-" "PostmanRuntime/7.30.0"

info: ::1 - - [12/Jan/2023:04:51:13 +0000] "POST /api/v1/note HTTP/1.1" 404 47 "-" "PostmanRuntime/7.30.0"

info: ::1 - - [12/Jan/2023:04:57:32 +0000] "POST /api/v1/note HTTP/1.1" 404 47 "-" "PostmanRuntime/7.30.0"

info: ::1 - - [12/Jan/2023:05:01:30 +0000] "GET /api/v1/note HTTP/1.1" 404 47 "-" "PostmanRuntime/7.30.0"

info: ::1 - - [12/Jan/2023:05:12:06 +0000] "POST /api/v1/users/login HTTP/1.1" 200 241 "-" "PostmanRuntime/7.30.0"

info: ::1 - - [12/Jan/2023:05:12:54 +0000] "POST /api/v1/users/login HTTP/1.1" 200 241 "-" "PostmanRuntime/7.30.0"

info: ::1 - - [12/Jan/2023:05:13:13 +0000] "POST /api/v1/users/node HTTP/1.1" 404 47 "-" "PostmanRuntime/7.30.0"

info: ::1 - - [12/Jan/2023:05:30:48 +0000] "POST /api/v1/node/create HTTP/1.1" 404 47 "-" "PostmanRuntime/7.30.0"

info: ::1 - - [12/Jan/2023:05:35:52 +0000] "POST /api/v1/nodes/create HTTP/1.1" 404 47 "-" "PostmanRuntime/7.30.0"

info: ::1 - - [12/Jan/2023:05:36:15 +0000] "POST /api/v1/nodes HTTP/1.1" 404 47 "-" "PostmanRuntime/7.30.0"

info: ::1 - - [12/Jan/2023:05:36:59 +0000] "POST /api/v1/nodes HTTP/1.1" 404 47 "-" "PostmanRuntime/7.30.0"

info: ::1 - - [12/Jan/2023:05:37:38 +0000] "POST /api/v1/notes HTTP/1.1" 201 354 "-" "PostmanRuntime/7.30.0"

info: ::1 - - [12/Jan/2023:05:38:52 +0000] "POST /api/v1/notes HTTP/1.1" 201 418 "-" "PostmanRuntime/7.30.0"

info: ::1 - - [12/Jan/2023:05:39:39 +0000] "POST /api/v1/notes HTTP/1.1" 201 515 "-" "PostmanRuntime/7.30.0"

info: ::1 - - [12/Jan/2023:05:39:45 +0000] "GET /api/v1/notes HTTP/1.1" 200 1180 "-" "PostmanRuntime/7.30.0"

info: ::1 - - [12/Jan/2023:05:40:06 +0000] "PUT /api/v1/notes HTTP/1.1" 404 47 "-" "PostmanRuntime/7.30.0"

info: ::1 - - [12/Jan/2023:05:41:08 +0000] "PUT /api/v1/notes/63bf9d1b530a5735d8d87861 HTTP/1.1" 202 222 "-" "PostmanRuntime/7.30.0"

info: ::1 - - [12/Jan/2023:05:41:40 +0000] "DELETE /api/v1/notes/63bf9d1b530a5735d8d87861 HTTP/1.1" 200 60 "-" "PostmanRuntime/7.30.0"

info: ::1 - - [12/Jan/2023:05:42:31 +0000] "GET /api/v1/notes/63bf9ca11febe43068baec31 HTTP/1.1" 400 56 "-" "PostmanRuntime/7.30.0"

info: ::1 - - [12/Jan/2023:05:42:43 +0000] "GET /api/v1/notes/63bf9ca11febe43068baec31 HTTP/1.1" 400 56 "-" "PostmanRuntime/7.30.0"

info: ::1 - - [12/Jan/2023:05:44:30 +0000] "GET /api/v1/notes/63bf9ca11febe43068baec31 HTTP/1.1" 200 354 "-" "PostmanRuntime/7.30.0"

info: ::1 - - [12/Jan/2023:05:46:30 +0000] "POST /api/v1/notes HTTP/1.1" 201 435 "-" "PostmanRuntime/7.30.0"

info: ::1 - - [12/Jan/2023:05:47:34 +0000] "POST /api/v1/notes HTTP/1.1" 201 365 "-" "PostmanRuntime/7.30.0"

info: ::1 - - [12/Jan/2023:12:19:04 +0000] "POST /api/v1/notes/add HTTP/1.1" 201 565 "-" "PostmanRuntime/7.30.0"

info: ::1 - - [12/Jan/2023:12:22:14 +0000] "POST /api/v1/notes/add HTTP/1.1" 500 60 "-" "PostmanRuntime/7.30.0"

info: ::1 - - [12/Jan/2023:12:25:30 +0000] "POST /api/v1/notes/add HTTP/1.1" 500 56 "-" "PostmanRuntime/7.30.0"

info: ::1 - - [12/Jan/2023:12:26:16 +0000] "POST /api/v1/notes/add HTTP/1.1" 201 531 "-" "PostmanRuntime/7.30.0"

info: ::1 - - [12/Jan/2023:12:28:22 +0000] "POST /api/v1/notes/add HTTP/1.1" 201 578 "-" "PostmanRuntime/7.30.0"

info: ::1 - - [12/Jan/2023:12:29:07 +0000] "POST /api/v1/notes/add HTTP/1.1" 201 605 "-" "PostmanRuntime/7.30.0"

info: ::1 - - [12/Jan/2023:12:30:04 +0000] "POST /api/v1/notes/add HTTP/1.1" 201 476 "-" "PostmanRuntime/7.30.0"

