info: Server started at http://localhost:5454/api/v1/ {"timestamp":"2023-01-18T08:25:23.558Z"}
info: Connected to the database. {"timestamp":"2023-01-18T08:25:28.361Z"}
info: Server started at http://localhost:5454/api/v1/ {"timestamp":"2023-01-18T08:29:43.235Z"}
info: Connected to the database. {"timestamp":"2023-01-18T08:29:47.270Z"}
info: Server started at http://localhost:5454/api/v1/ {"timestamp":"2023-01-18T08:31:23.528Z"}
info: Server started at http://localhost:5454/api/v1/ {"timestamp":"2023-01-18T08:31:33.181Z"}
info: Connected to the database. {"timestamp":"2023-01-18T08:31:38.652Z"}
info: Server started at http://localhost:5454/api/v1/ {"timestamp":"2023-01-18T08:31:51.733Z"}
info: Connected to the database. {"timestamp":"2023-01-18T08:31:56.797Z"}
info: Server started at http://localhost:5454/api/v1/ {"timestamp":"2023-01-18T08:32:13.062Z"}
info: Connected to the database. {"timestamp":"2023-01-18T08:32:17.698Z"}
error: 
      status - 400
      message - Authorization token is required 
      url - /api/v1/users/resetPassword 
      method - PUT 
      IP - ::1
     {"timestamp":"2023-01-18T08:42:27.484Z"}
info: Server started at http://localhost:5454/api/v1/ {"timestamp":"2023-01-18T08:53:30.174Z"}
info: Connected to the database. {"timestamp":"2023-01-18T08:53:33.661Z"}
info: Server started at http://localhost:5454/api/v1/ {"timestamp":"2023-01-18T08:55:09.720Z"}
info: Connected to the database. {"timestamp":"2023-01-18T08:55:12.961Z"}
info: Server started at http://localhost:5454/api/v1/ {"timestamp":"2023-01-18T08:56:16.252Z"}
info: Connected to the database. {"timestamp":"2023-01-18T08:56:19.835Z"}
info: Server started at http://localhost:5454/api/v1/ {"timestamp":"2023-01-18T08:57:11.307Z"}
info: Connected to the database. {"timestamp":"2023-01-18T08:57:14.277Z"}
info: Server started at http://localhost:5454/api/v1/ {"timestamp":"2023-01-18T08:58:19.667Z"}
info: Connected to the database. {"timestamp":"2023-01-18T08:58:22.920Z"}
info: Server started at http://localhost:5454/api/v1/ {"timestamp":"2023-01-18T09:02:46.459Z"}
info: Connected to the database. {"timestamp":"2023-01-18T09:02:49.522Z"}
info: Server started at http://localhost:5454/api/v1/ {"timestamp":"2023-01-18T09:04:10.522Z"}
info: Connected to the database. {"timestamp":"2023-01-18T09:04:13.649Z"}
info: Server started at http://localhost:5454/api/v1/ {"timestamp":"2023-01-18T09:04:50.988Z"}
info: Connected to the database. {"timestamp":"2023-01-18T09:04:54.322Z"}
error: 
    status - 500 
    message - TokenExpiredError: jwt expired
    at C:\Users\Yatendra Pratap\Fundoo_Notes\node_modules\jsonwebtoken\verify.js:152:21
    at getSecret (C:\Users\Yatendra Pratap\Fundoo_Notes\node_modules\jsonwebtoken\verify.js:90:14)
    at Object.verify (C:\Users\Yatendra Pratap\Fundoo_Notes\node_modules\jsonwebtoken\verify.js:94:10)
    at _callee2$ (C:\Users\Yatendra Pratap\Fundoo_Notes\src\middlewares\/auth.middleware.js:35:29)
    at tryCatch (C:\Users\Yatendra Pratap\Fundoo_Notes\node_modules\@babel\runtime\helpers\regeneratorRuntime.js:44:17)
    at Generator.<anonymous> (C:\Users\Yatendra Pratap\Fundoo_Notes\node_modules\@babel\runtime\helpers\regeneratorRuntime.js:125:22)
    at Generator.next (C:\Users\Yatendra Pratap\Fundoo_Notes\node_modules\@babel\runtime\helpers\regeneratorRuntime.js:69:21)
    at asyncGeneratorStep (C:\Users\Yatendra Pratap\Fundoo_Notes\node_modules\@babel\runtime\helpers\asyncToGenerator.js:3:24)
    at _next (C:\Users\Yatendra Pratap\Fundoo_Notes\node_modules\@babel\runtime\helpers\asyncToGenerator.js:22:9)
    at C:\Users\Yatendra Pratap\Fundoo_Notes\node_modules\@babel\runtime\helpers\asyncToGenerator.js:27:7
    at new Promise (<anonymous>)
    at C:\Users\Yatendra Pratap\Fundoo_Notes\node_modules\@babel\runtime\helpers\asyncToGenerator.js:19:12
    at resetuserAuth (C:\Users\Yatendra Pratap\Fundoo_Notes\src\middlewares\/auth.middleware.js:26:27)
    at Layer.handle [as handle_request] (C:\Users\Yatendra Pratap\Fundoo_Notes\node_modules\express\lib\router\layer.js:95:5)
    at next (C:\Users\Yatendra Pratap\Fundoo_Notes\node_modules\express\lib\router\route.js:144:13)
    at Route.dispatch (C:\Users\Yatendra Pratap\Fundoo_Notes\node_modules\express\lib\router\route.js:114:3)
    at Layer.handle [as handle_request] (C:\Users\Yatendra Pratap\Fundoo_Notes\node_modules\express\lib\router\layer.js:95:5)
    at C:\Users\Yatendra Pratap\Fundoo_Notes\node_modules\express\lib\router\index.js:284:15
    at Function.process_params (C:\Users\Yatendra Pratap\Fundoo_Notes\node_modules\express\lib\router\index.js:346:12)
    at next (C:\Users\Yatendra Pratap\Fundoo_Notes\node_modules\express\lib\router\index.js:280:10)
    at Function.handle (C:\Users\Yatendra Pratap\Fundoo_Notes\node_modules\express\lib\router\index.js:175:3)
    at router (C:\Users\Yatendra Pratap\Fundoo_Notes\node_modules\express\lib\router\index.js:47:12)
    at Layer.handle [as handle_request] (C:\Users\Yatendra Pratap\Fundoo_Notes\node_modules\express\lib\router\layer.js:95:5)
    at trim_prefix (C:\Users\Yatendra Pratap\Fundoo_Notes\node_modules\express\lib\router\index.js:328:13)
    at C:\Users\Yatendra Pratap\Fundoo_Notes\node_modules\express\lib\router\index.js:286:9
    at Function.process_params (C:\Users\Yatendra Pratap\Fundoo_Notes\node_modules\express\lib\router\index.js:346:12)
    at next (C:\Users\Yatendra Pratap\Fundoo_Notes\node_modules\express\lib\router\index.js:280:10)
    at Function.handle (C:\Users\Yatendra Pratap\Fundoo_Notes\node_modules\express\lib\router\index.js:175:3)
    at router (C:\Users\Yatendra Pratap\Fundoo_Notes\node_modules\express\lib\router\index.js:47:12)
    at Layer.handle [as handle_request] (C:\Users\Yatendra Pratap\Fundoo_Notes\node_modules\express\lib\router\layer.js:95:5)
    at trim_prefix (C:\Users\Yatendra Pratap\Fundoo_Notes\node_modules\express\lib\router\index.js:328:13)
    at C:\Users\Yatendra Pratap\Fundoo_Notes\node_modules\express\lib\router\index.js:286:9
    at Function.process_params (C:\Users\Yatendra Pratap\Fundoo_Notes\node_modules\express\lib\router\index.js:346:12)
    at next (C:\Users\Yatendra Pratap\Fundoo_Notes\node_modules\express\lib\router\index.js:280:10)
    at logger (C:\Users\Yatendra Pratap\Fundoo_Notes\node_modules\morgan\index.js:144:5)
    at Layer.handle [as handle_request] (C:\Users\Yatendra Pratap\Fundoo_Notes\node_modules\express\lib\router\layer.js:95:5)
    at trim_prefix (C:\Users\Yatendra Pratap\Fundoo_Notes\node_modules\express\lib\router\index.js:328:13)
    at C:\Users\Yatendra Pratap\Fundoo_Notes\node_modules\express\lib\router\index.js:286:9
    at Function.process_params (C:\Users\Yatendra Pratap\Fundoo_Notes\node_modules\express\lib\router\index.js:346:12)
    at next (C:\Users\Yatendra Pratap\Fundoo_Notes\node_modules\express\lib\router\index.js:280:10)
    at C:\Users\Yatendra Pratap\Fundoo_Notes\node_modules\body-parser\lib\read.js:137:5
    at AsyncResource.runInAsyncScope (node:async_hooks:204:9)
    at invokeCallback (C:\Users\Yatendra Pratap\Fundoo_Notes\node_modules\raw-body\index.js:231:16)
    at done (C:\Users\Yatendra Pratap\Fundoo_Notes\node_modules\raw-body\index.js:220:7)
    at IncomingMessage.onEnd (C:\Users\Yatendra Pratap\Fundoo_Notes\node_modules\raw-body\index.js:280:7)
    at IncomingMessage.emit (node:events:513:28)
    at IncomingMessage.emit (node:domain:489:12)
    at endReadableNT (node:internal/streams/readable:1359:12)
    at processTicksAndRejections (node:internal/process/task_queues:82:21) 
    url - /api/v1/users/resetPassword 
    method - PUT 
    IP - ::1
   {"timestamp":"2023-01-18T09:10:57.567Z"}
info: Server started at http://localhost:5454/api/v1/ {"timestamp":"2023-01-18T09:16:00.487Z"}
info: Connected to the database. {"timestamp":"2023-01-18T09:16:03.779Z"}
info: Server started at http://localhost:5454/api/v1/ {"timestamp":"2023-01-18T09:17:09.642Z"}
info: Connected to the database. {"timestamp":"2023-01-18T09:17:12.897Z"}
info: Server started at http://localhost:5454/api/v1/ {"timestamp":"2023-01-18T09:17:38.064Z"}
info: Connected to the database. {"timestamp":"2023-01-18T09:17:41.447Z"}
info: Server started at http://localhost:5454/api/v1/ {"timestamp":"2023-01-18T09:18:09.945Z"}
info: Connected to the database. {"timestamp":"2023-01-18T09:18:13.417Z"}
info: Server started at http://localhost:5454/api/v1/ {"timestamp":"2023-01-18T09:19:03.476Z"}
info: Server started at http://localhost:5454/api/v1/ {"timestamp":"2023-01-18T09:19:12.261Z"}
info: Connected to the database. {"timestamp":"2023-01-18T09:19:15.446Z"}
info: Server started at http://localhost:5454/api/v1/ {"timestamp":"2023-01-18T09:21:11.813Z"}
info: Connected to the database. {"timestamp":"2023-01-18T09:21:15.023Z"}
info: Server started at http://localhost:5454/api/v1/ {"timestamp":"2023-01-18T09:24:01.504Z"}
info: Connected to the database. {"timestamp":"2023-01-18T09:24:04.427Z"}
info: Server started at http://localhost:5454/api/v1/ {"timestamp":"2023-01-18T09:24:13.999Z"}
info: Connected to the database. {"timestamp":"2023-01-18T09:24:17.238Z"}
info: Server started at http://localhost:5454/api/v1/ {"timestamp":"2023-01-18T09:25:45.597Z"}
info: Connected to the database. {"timestamp":"2023-01-18T09:25:48.776Z"}
error: 
    status - 500 
    message - TokenExpiredError: jwt expired
    at C:\Users\Yatendra Pratap\Fundoo_Notes\node_modules\jsonwebtoken\verify.js:152:21
    at getSecret (C:\Users\Yatendra Pratap\Fundoo_Notes\node_modules\jsonwebtoken\verify.js:90:14)
    at Object.verify (C:\Users\Yatendra Pratap\Fundoo_Notes\node_modules\jsonwebtoken\verify.js:94:10)
    at _callee2$ (C:\Users\Yatendra Pratap\Fundoo_Notes\src\middlewares\/auth.middleware.js:35:29)
    at tryCatch (C:\Users\Yatendra Pratap\Fundoo_Notes\node_modules\@babel\runtime\helpers\regeneratorRuntime.js:44:17)
    at Generator.<anonymous> (C:\Users\Yatendra Pratap\Fundoo_Notes\node_modules\@babel\runtime\helpers\regeneratorRuntime.js:125:22)
    at Generator.next (C:\Users\Yatendra Pratap\Fundoo_Notes\node_modules\@babel\runtime\helpers\regeneratorRuntime.js:69:21)
    at asyncGeneratorStep (C:\Users\Yatendra Pratap\Fundoo_Notes\node_modules\@babel\runtime\helpers\asyncToGenerator.js:3:24)
    at _next (C:\Users\Yatendra Pratap\Fundoo_Notes\node_modules\@babel\runtime\helpers\asyncToGenerator.js:22:9)
    at C:\Users\Yatendra Pratap\Fundoo_Notes\node_modules\@babel\runtime\helpers\asyncToGenerator.js:27:7
    at new Promise (<anonymous>)
    at C:\Users\Yatendra Pratap\Fundoo_Notes\node_modules\@babel\runtime\helpers\asyncToGenerator.js:19:12
    at resetuserAuth (C:\Users\Yatendra Pratap\Fundoo_Notes\src\middlewares\/auth.middleware.js:26:27)
    at Layer.handle [as handle_request] (C:\Users\Yatendra Pratap\Fundoo_Notes\node_modules\express\lib\router\layer.js:95:5)
    at next (C:\Users\Yatendra Pratap\Fundoo_Notes\node_modules\express\lib\router\route.js:144:13)
    at Route.dispatch (C:\Users\Yatendra Pratap\Fundoo_Notes\node_modules\express\lib\router\route.js:114:3)
    at Layer.handle [as handle_request] (C:\Users\Yatendra Pratap\Fundoo_Notes\node_modules\express\lib\router\layer.js:95:5)
    at C:\Users\Yatendra Pratap\Fundoo_Notes\node_modules\express\lib\router\index.js:284:15
    at Function.process_params (C:\Users\Yatendra Pratap\Fundoo_Notes\node_modules\express\lib\router\index.js:346:12)
    at next (C:\Users\Yatendra Pratap\Fundoo_Notes\node_modules\express\lib\router\index.js:280:10)
    at Function.handle (C:\Users\Yatendra Pratap\Fundoo_Notes\node_modules\express\lib\router\index.js:175:3)
    at router (C:\Users\Yatendra Pratap\Fundoo_Notes\node_modules\express\lib\router\index.js:47:12)
    at Layer.handle [as handle_request] (C:\Users\Yatendra Pratap\Fundoo_Notes\node_modules\express\lib\router\layer.js:95:5)
    at trim_prefix (C:\Users\Yatendra Pratap\Fundoo_Notes\node_modules\express\lib\router\index.js:328:13)
    at C:\Users\Yatendra Pratap\Fundoo_Notes\node_modules\express\lib\router\index.js:286:9
    at Function.process_params (C:\Users\Yatendra Pratap\Fundoo_Notes\node_modules\express\lib\router\index.js:346:12)
    at next (C:\Users\Yatendra Pratap\Fundoo_Notes\node_modules\express\lib\router\index.js:280:10)
    at Function.handle (C:\Users\Yatendra Pratap\Fundoo_Notes\node_modules\express\lib\router\index.js:175:3)
    at router (C:\Users\Yatendra Pratap\Fundoo_Notes\node_modules\express\lib\router\index.js:47:12)
    at Layer.handle [as handle_request] (C:\Users\Yatendra Pratap\Fundoo_Notes\node_modules\express\lib\router\layer.js:95:5)
    at trim_prefix (C:\Users\Yatendra Pratap\Fundoo_Notes\node_modules\express\lib\router\index.js:328:13)
    at C:\Users\Yatendra Pratap\Fundoo_Notes\node_modules\express\lib\router\index.js:286:9
    at Function.process_params (C:\Users\Yatendra Pratap\Fundoo_Notes\node_modules\express\lib\router\index.js:346:12)
    at next (C:\Users\Yatendra Pratap\Fundoo_Notes\node_modules\express\lib\router\index.js:280:10)
    at logger (C:\Users\Yatendra Pratap\Fundoo_Notes\node_modules\morgan\index.js:144:5)
    at Layer.handle [as handle_request] (C:\Users\Yatendra Pratap\Fundoo_Notes\node_modules\express\lib\router\layer.js:95:5)
    at trim_prefix (C:\Users\Yatendra Pratap\Fundoo_Notes\node_modules\express\lib\router\index.js:328:13)
    at C:\Users\Yatendra Pratap\Fundoo_Notes\node_modules\express\lib\router\index.js:286:9
    at Function.process_params (C:\Users\Yatendra Pratap\Fundoo_Notes\node_modules\express\lib\router\index.js:346:12)
    at next (C:\Users\Yatendra Pratap\Fundoo_Notes\node_modules\express\lib\router\index.js:280:10)
    at C:\Users\Yatendra Pratap\Fundoo_Notes\node_modules\body-parser\lib\read.js:137:5
    at AsyncResource.runInAsyncScope (node:async_hooks:204:9)
    at invokeCallback (C:\Users\Yatendra Pratap\Fundoo_Notes\node_modules\raw-body\index.js:231:16)
    at done (C:\Users\Yatendra Pratap\Fundoo_Notes\node_modules\raw-body\index.js:220:7)
    at IncomingMessage.onEnd (C:\Users\Yatendra Pratap\Fundoo_Notes\node_modules\raw-body\index.js:280:7)
    at IncomingMessage.emit (node:events:513:28)
    at IncomingMessage.emit (node:domain:489:12)
    at endReadableNT (node:internal/streams/readable:1359:12)
    at processTicksAndRejections (node:internal/process/task_queues:82:21) 
    url - /api/v1/users/resetPassword 
    method - PUT 
    IP - ::1
   {"timestamp":"2023-01-18T09:31:09.262Z"}
error: 
    status - 500 
    message - TokenExpiredError: jwt expired
    at C:\Users\Yatendra Pratap\Fundoo_Notes\node_modules\jsonwebtoken\verify.js:152:21
    at getSecret (C:\Users\Yatendra Pratap\Fundoo_Notes\node_modules\jsonwebtoken\verify.js:90:14)
    at Object.verify (C:\Users\Yatendra Pratap\Fundoo_Notes\node_modules\jsonwebtoken\verify.js:94:10)
    at _callee$ (C:\Users\Yatendra Pratap\Fundoo_Notes\src\middlewares\/auth.middleware.js:17:29)
    at tryCatch (C:\Users\Yatendra Pratap\Fundoo_Notes\node_modules\@babel\runtime\helpers\regeneratorRuntime.js:44:17)
    at Generator.<anonymous> (C:\Users\Yatendra Pratap\Fundoo_Notes\node_modules\@babel\runtime\helpers\regeneratorRuntime.js:125:22)
    at Generator.next (C:\Users\Yatendra Pratap\Fundoo_Notes\node_modules\@babel\runtime\helpers\regeneratorRuntime.js:69:21)
    at asyncGeneratorStep (C:\Users\Yatendra Pratap\Fundoo_Notes\node_modules\@babel\runtime\helpers\asyncToGenerator.js:3:24)
    at _next (C:\Users\Yatendra Pratap\Fundoo_Notes\node_modules\@babel\runtime\helpers\asyncToGenerator.js:22:9)
    at C:\Users\Yatendra Pratap\Fundoo_Notes\node_modules\@babel\runtime\helpers\asyncToGenerator.js:27:7
    at new Promise (<anonymous>)
    at C:\Users\Yatendra Pratap\Fundoo_Notes\node_modules\@babel\runtime\helpers\asyncToGenerator.js:19:12
    at userAuth (C:\Users\Yatendra Pratap\Fundoo_Notes\src\middlewares\/auth.middleware.js:8:22)
    at Layer.handle [as handle_request] (C:\Users\Yatendra Pratap\Fundoo_Notes\node_modules\express\lib\router\layer.js:95:5)
    at next (C:\Users\Yatendra Pratap\Fundoo_Notes\node_modules\express\lib\router\route.js:144:13)
    at Route.dispatch (C:\Users\Yatendra Pratap\Fundoo_Notes\node_modules\express\lib\router\route.js:114:3)
    at Layer.handle [as handle_request] (C:\Users\Yatendra Pratap\Fundoo_Notes\node_modules\express\lib\router\layer.js:95:5)
    at C:\Users\Yatendra Pratap\Fundoo_Notes\node_modules\express\lib\router\index.js:284:15
    at param (C:\Users\Yatendra Pratap\Fundoo_Notes\node_modules\express\lib\router\index.js:365:14)
    at param (C:\Users\Yatendra Pratap\Fundoo_Notes\node_modules\express\lib\router\index.js:376:14)
    at Function.process_params (C:\Users\Yatendra Pratap\Fundoo_Notes\node_modules\express\lib\router\index.js:421:3)
    at next (C:\Users\Yatendra Pratap\Fundoo_Notes\node_modules\express\lib\router\index.js:280:10)
    at Function.handle (C:\Users\Yatendra Pratap\Fundoo_Notes\node_modules\express\lib\router\index.js:175:3)
    at router (C:\Users\Yatendra Pratap\Fundoo_Notes\node_modules\express\lib\router\index.js:47:12)
    at Layer.handle [as handle_request] (C:\Users\Yatendra Pratap\Fundoo_Notes\node_modules\express\lib\router\layer.js:95:5)
    at trim_prefix (C:\Users\Yatendra Pratap\Fundoo_Notes\node_modules\express\lib\router\index.js:328:13)
    at C:\Users\Yatendra Pratap\Fundoo_Notes\node_modules\express\lib\router\index.js:286:9
    at Function.process_params (C:\Users\Yatendra Pratap\Fundoo_Notes\node_modules\express\lib\router\index.js:346:12)
    at next (C:\Users\Yatendra Pratap\Fundoo_Notes\node_modules\express\lib\router\index.js:280:10)
    at Function.handle (C:\Users\Yatendra Pratap\Fundoo_Notes\node_modules\express\lib\router\index.js:175:3)
    at router (C:\Users\Yatendra Pratap\Fundoo_Notes\node_modules\express\lib\router\index.js:47:12)
    at Layer.handle [as handle_request] (C:\Users\Yatendra Pratap\Fundoo_Notes\node_modules\express\lib\router\layer.js:95:5)
    at trim_prefix (C:\Users\Yatendra Pratap\Fundoo_Notes\node_modules\express\lib\router\index.js:328:13)
    at C:\Users\Yatendra Pratap\Fundoo_Notes\node_modules\express\lib\router\index.js:286:9
    at Function.process_params (C:\Users\Yatendra Pratap\Fundoo_Notes\node_modules\express\lib\router\index.js:346:12)
    at next (C:\Users\Yatendra Pratap\Fundoo_Notes\node_modules\express\lib\router\index.js:280:10)
    at logger (C:\Users\Yatendra Pratap\Fundoo_Notes\node_modules\morgan\index.js:144:5)
    at Layer.handle [as handle_request] (C:\Users\Yatendra Pratap\Fundoo_Notes\node_modules\express\lib\router\layer.js:95:5)
    at trim_prefix (C:\Users\Yatendra Pratap\Fundoo_Notes\node_modules\express\lib\router\index.js:328:13)
    at C:\Users\Yatendra Pratap\Fundoo_Notes\node_modules\express\lib\router\index.js:286:9
    at Function.process_params (C:\Users\Yatendra Pratap\Fundoo_Notes\node_modules\express\lib\router\index.js:346:12)
    at next (C:\Users\Yatendra Pratap\Fundoo_Notes\node_modules\express\lib\router\index.js:280:10)
    at C:\Users\Yatendra Pratap\Fundoo_Notes\node_modules\body-parser\lib\read.js:137:5
    at AsyncResource.runInAsyncScope (node:async_hooks:204:9)
    at invokeCallback (C:\Users\Yatendra Pratap\Fundoo_Notes\node_modules\raw-body\index.js:231:16)
    at done (C:\Users\Yatendra Pratap\Fundoo_Notes\node_modules\raw-body\index.js:220:7)
    at IncomingMessage.onEnd (C:\Users\Yatendra Pratap\Fundoo_Notes\node_modules\raw-body\index.js:280:7)
    at IncomingMessage.emit (node:events:513:28)
    at IncomingMessage.emit (node:domain:489:12)
    at endReadableNT (node:internal/streams/readable:1359:12)
    at processTicksAndRejections (node:internal/process/task_queues:82:21) 
    url - /api/v1/notes/3c7bd3ee0f67a0838e7b062/archive 
    method - PUT 
    IP - ::1
   {"timestamp":"2023-01-18T09:40:26.729Z"}
info: Server started at http://localhost:5454/api/v1/ {"timestamp":"2023-01-18T09:45:46.095Z"}
info: Connected to the database. {"timestamp":"2023-01-18T09:45:49.388Z"}
info: Server started at http://localhost:5454/api/v1/ {"timestamp":"2023-01-18T09:48:00.740Z"}
info: Connected to the database. {"timestamp":"2023-01-18T09:48:05.116Z"}
info: Server started at http://localhost:5454/api/v1/ {"timestamp":"2023-01-18T09:48:25.168Z"}
info: Connected to the database. {"timestamp":"2023-01-18T09:48:28.471Z"}
info: Server started at http://localhost:5454/api/v1/ {"timestamp":"2023-01-18T09:48:41.410Z"}
info: Server started at http://localhost:5454/api/v1/ {"timestamp":"2023-01-18T09:48:52.968Z"}
info: Connected to the database. {"timestamp":"2023-01-18T09:48:56.913Z"}
info: Server started at http://localhost:5454/api/v1/ {"timestamp":"2023-01-18T09:49:11.652Z"}
info: Connected to the database. {"timestamp":"2023-01-18T09:49:17.720Z"}
info: Server started at http://localhost:5454/api/v1/ {"timestamp":"2023-01-18T09:53:14.557Z"}
info: Server started at http://localhost:5454/api/v1/ {"timestamp":"2023-01-18T09:53:23.976Z"}
info: Connected to the database. {"timestamp":"2023-01-18T09:53:27.158Z"}
info: Server started at http://localhost:5454/api/v1/ {"timestamp":"2023-01-18T09:53:50.457Z"}
info: Connected to the database. {"timestamp":"2023-01-18T09:53:55.167Z"}
info: Server started at http://localhost:5454/api/v1/ {"timestamp":"2023-01-18T09:54:16.677Z"}
info: Server started at http://localhost:5454/api/v1/ {"timestamp":"2023-01-18T09:55:50.677Z"}
info: Connected to the database. {"timestamp":"2023-01-18T09:55:53.893Z"}
info: Server started at http://localhost:5454/api/v1/ {"timestamp":"2023-01-18T09:56:21.334Z"}
info: Connected to the database. {"timestamp":"2023-01-18T09:56:24.926Z"}
info: Server started at http://localhost:5454/api/v1/ {"timestamp":"2023-01-18T09:56:39.742Z"}
info: Connected to the database. {"timestamp":"2023-01-18T09:56:42.757Z"}
info: Server started at http://localhost:5454/api/v1/ {"timestamp":"2023-01-18T09:56:53.764Z"}
info: Connected to the database. {"timestamp":"2023-01-18T09:56:57.229Z"}
info: Server started at http://localhost:5454/api/v1/ {"timestamp":"2023-01-18T09:58:21.582Z"}
info: Connected to the database. {"timestamp":"2023-01-18T09:58:24.922Z"}
info: Server started at http://localhost:5454/api/v1/ {"timestamp":"2023-01-18T09:59:23.399Z"}
info: Connected to the database. {"timestamp":"2023-01-18T09:59:26.610Z"}
info: Server started at http://localhost:5454/api/v1/ {"timestamp":"2023-01-18T10:00:49.994Z"}
info: Connected to the database. {"timestamp":"2023-01-18T10:00:53.413Z"}
info: Server started at http://localhost:5454/api/v1/ {"timestamp":"2023-01-18T10:01:43.666Z"}
info: Connected to the database. {"timestamp":"2023-01-18T10:01:47.444Z"}
info: Server started at http://localhost:5454/api/v1/ {"timestamp":"2023-01-18T10:03:31.994Z"}
info: Connected to the database. {"timestamp":"2023-01-18T10:03:35.244Z"}
error: 
    status - 500 
    message - JsonWebTokenError: invalid signature
    at C:\Users\Yatendra Pratap\Fundoo_Notes\node_modules\jsonwebtoken\verify.js:133:19
    at getSecret (C:\Users\Yatendra Pratap\Fundoo_Notes\node_modules\jsonwebtoken\verify.js:90:14)
    at Object.verify (C:\Users\Yatendra Pratap\Fundoo_Notes\node_modules\jsonwebtoken\verify.js:94:10)
    at _callee$ (C:\Users\Yatendra Pratap\Fundoo_Notes\src\middlewares\/auth.middleware.js:17:29)
    at tryCatch (C:\Users\Yatendra Pratap\Fundoo_Notes\node_modules\@babel\runtime\helpers\regeneratorRuntime.js:44:17)
    at Generator.<anonymous> (C:\Users\Yatendra Pratap\Fundoo_Notes\node_modules\@babel\runtime\helpers\regeneratorRuntime.js:125:22)
    at Generator.next (C:\Users\Yatendra Pratap\Fundoo_Notes\node_modules\@babel\runtime\helpers\regeneratorRuntime.js:69:21)
    at asyncGeneratorStep (C:\Users\Yatendra Pratap\Fundoo_Notes\node_modules\@babel\runtime\helpers\asyncToGenerator.js:3:24)
    at _next (C:\Users\Yatendra Pratap\Fundoo_Notes\node_modules\@babel\runtime\helpers\asyncToGenerator.js:22:9)
    at C:\Users\Yatendra Pratap\Fundoo_Notes\node_modules\@babel\runtime\helpers\asyncToGenerator.js:27:7
    at new Promise (<anonymous>)
    at C:\Users\Yatendra Pratap\Fundoo_Notes\node_modules\@babel\runtime\helpers\asyncToGenerator.js:19:12
    at userAuth (C:\Users\Yatendra Pratap\Fundoo_Notes\src\middlewares\/auth.middleware.js:8:22)
    at Layer.handle [as handle_request] (C:\Users\Yatendra Pratap\Fundoo_Notes\node_modules\express\lib\router\layer.js:95:5)
    at next (C:\Users\Yatendra Pratap\Fundoo_Notes\node_modules\express\lib\router\route.js:144:13)
    at Route.dispatch (C:\Users\Yatendra Pratap\Fundoo_Notes\node_modules\express\lib\router\route.js:114:3)
    at Layer.handle [as handle_request] (C:\Users\Yatendra Pratap\Fundoo_Notes\node_modules\express\lib\router\layer.js:95:5)
    at C:\Users\Yatendra Pratap\Fundoo_Notes\node_modules\express\lib\router\index.js:284:15
    at param (C:\Users\Yatendra Pratap\Fundoo_Notes\node_modules\express\lib\router\index.js:365:14)
    at param (C:\Users\Yatendra Pratap\Fundoo_Notes\node_modules\express\lib\router\index.js:376:14)
    at Function.process_params (C:\Users\Yatendra Pratap\Fundoo_Notes\node_modules\express\lib\router\index.js:421:3)
    at next (C:\Users\Yatendra Pratap\Fundoo_Notes\node_modules\express\lib\router\index.js:280:10)
    at Function.handle (C:\Users\Yatendra Pratap\Fundoo_Notes\node_modules\express\lib\router\index.js:175:3)
    at router (C:\Users\Yatendra Pratap\Fundoo_Notes\node_modules\express\lib\router\index.js:47:12)
    at Layer.handle [as handle_request] (C:\Users\Yatendra Pratap\Fundoo_Notes\node_modules\express\lib\router\layer.js:95:5)
    at trim_prefix (C:\Users\Yatendra Pratap\Fundoo_Notes\node_modules\express\lib\router\index.js:328:13)
    at C:\Users\Yatendra Pratap\Fundoo_Notes\node_modules\express\lib\router\index.js:286:9
    at Function.process_params (C:\Users\Yatendra Pratap\Fundoo_Notes\node_modules\express\lib\router\index.js:346:12)
    at next (C:\Users\Yatendra Pratap\Fundoo_Notes\node_modules\express\lib\router\index.js:280:10)
    at Function.handle (C:\Users\Yatendra Pratap\Fundoo_Notes\node_modules\express\lib\router\index.js:175:3)
    at router (C:\Users\Yatendra Pratap\Fundoo_Notes\node_modules\express\lib\router\index.js:47:12)
    at Layer.handle [as handle_request] (C:\Users\Yatendra Pratap\Fundoo_Notes\node_modules\express\lib\router\layer.js:95:5)
    at trim_prefix (C:\Users\Yatendra Pratap\Fundoo_Notes\node_modules\express\lib\router\index.js:328:13)
    at C:\Users\Yatendra Pratap\Fundoo_Notes\node_modules\express\lib\router\index.js:286:9
    at Function.process_params (C:\Users\Yatendra Pratap\Fundoo_Notes\node_modules\express\lib\router\index.js:346:12)
    at next (C:\Users\Yatendra Pratap\Fundoo_Notes\node_modules\express\lib\router\index.js:280:10)
    at logger (C:\Users\Yatendra Pratap\Fundoo_Notes\node_modules\morgan\index.js:144:5)
    at Layer.handle [as handle_request] (C:\Users\Yatendra Pratap\Fundoo_Notes\node_modules\express\lib\router\layer.js:95:5)
    at trim_prefix (C:\Users\Yatendra Pratap\Fundoo_Notes\node_modules\express\lib\router\index.js:328:13)
    at C:\Users\Yatendra Pratap\Fundoo_Notes\node_modules\express\lib\router\index.js:286:9
    at Function.process_params (C:\Users\Yatendra Pratap\Fundoo_Notes\node_modules\express\lib\router\index.js:346:12)
    at next (C:\Users\Yatendra Pratap\Fundoo_Notes\node_modules\express\lib\router\index.js:280:10)
    at C:\Users\Yatendra Pratap\Fundoo_Notes\node_modules\body-parser\lib\read.js:137:5
    at AsyncResource.runInAsyncScope (node:async_hooks:204:9)
    at invokeCallback (C:\Users\Yatendra Pratap\Fundoo_Notes\node_modules\raw-body\index.js:231:16)
    at done (C:\Users\Yatendra Pratap\Fundoo_Notes\node_modules\raw-body\index.js:220:7)
    at IncomingMessage.onEnd (C:\Users\Yatendra Pratap\Fundoo_Notes\node_modules\raw-body\index.js:280:7)
    at IncomingMessage.emit (node:events:513:28)
    at IncomingMessage.emit (node:domain:489:12)
    at endReadableNT (node:internal/streams/readable:1359:12)
    at processTicksAndRejections (node:internal/process/task_queues:82:21) 
    url - /api/v1/notes/63c7bd3ee0f67a0838e7b062 
    method - GET 
    IP - ::1
   {"timestamp":"2023-01-18T10:03:57.560Z"}
info: Server started at http://localhost:5454/api/v1/ {"timestamp":"2023-01-18T10:08:04.758Z"}
info: Server started at http://localhost:5454/api/v1/ {"timestamp":"2023-01-18T10:09:35.005Z"}
info: Connected to the database. {"timestamp":"2023-01-18T10:09:38.049Z"}
info: Server started at http://localhost:5454/api/v1/ {"timestamp":"2023-01-18T10:11:31.130Z"}
info: Server started at http://localhost:5454/api/v1/ {"timestamp":"2023-01-18T10:11:58.779Z"}
info: Connected to the database. {"timestamp":"2023-01-18T10:12:01.889Z"}
info: Server started at http://localhost:5454/api/v1/ {"timestamp":"2023-01-18T10:14:10.884Z"}
info: Connected to the database. {"timestamp":"2023-01-18T10:14:14.270Z"}
error: 
    status - 500 
    message - CastError: Cast to ObjectId failed for value "63c7bd3ee0f67a0838e7b06" (type string) at path "_id" for model "Note"
    at model.Query.exec (C:\Users\Yatendra Pratap\Fundoo_Notes\node_modules\mongoose\lib\query.js:4498:21)
    at model.Query.Query.then (C:\Users\Yatendra Pratap\Fundoo_Notes\node_modules\mongoose\lib\query.js:4592:15)
    at processTicksAndRejections (node:internal/process/task_queues:95:5) 
    url - /api/v1/notes/63c7bd3ee0f67a0838e7b06 
    method - GET 
    IP - ::1
   {"timestamp":"2023-01-18T10:14:20.150Z"}
info: Server started at http://localhost:5454/api/v1/ {"timestamp":"2023-01-18T10:15:40.863Z"}
info: Connected to the database. {"timestamp":"2023-01-18T10:15:44.283Z"}
info: Server started at http://localhost:5454/api/v1/ {"timestamp":"2023-01-18T10:15:51.942Z"}
info: Connected to the database. {"timestamp":"2023-01-18T10:15:55.120Z"}
error: 
    status - 500 
    message - CastError: Cast to ObjectId failed for value "63c7bd3ee0f67a0838e7b06" (type string) at path "_id" for model "Note"
    at model.Query.exec (C:\Users\Yatendra Pratap\Fundoo_Notes\node_modules\mongoose\lib\query.js:4498:21)
    at model.Query.Query.then (C:\Users\Yatendra Pratap\Fundoo_Notes\node_modules\mongoose\lib\query.js:4592:15)
    at processTicksAndRejections (node:internal/process/task_queues:95:5) 
    url - /api/v1/notes/63c7bd3ee0f67a0838e7b06 
    method - GET 
    IP - ::1
   {"timestamp":"2023-01-18T10:15:58.747Z"}
info: Server started at http://localhost:5454/api/v1/ {"timestamp":"2023-01-18T10:17:15.564Z"}
info: Connected to the database. {"timestamp":"2023-01-18T10:17:18.671Z"}
info: Server started at http://localhost:5454/api/v1/ {"timestamp":"2023-01-18T10:17:28.237Z"}
info: Connected to the database. {"timestamp":"2023-01-18T10:17:32.038Z"}
info: Server started at http://localhost:5454/api/v1/ {"timestamp":"2023-01-18T10:18:37.246Z"}
info: Connected to the database. {"timestamp":"2023-01-18T10:18:40.578Z"}
info: Server started at http://localhost:5454/api/v1/ {"timestamp":"2023-01-18T10:18:51.517Z"}
info: Connected to the database. {"timestamp":"2023-01-18T10:18:54.443Z"}
info: Server started at http://localhost:5454/api/v1/ {"timestamp":"2023-01-18T10:19:45.143Z"}
info: Connected to the database. {"timestamp":"2023-01-18T10:19:48.109Z"}
error: 
    status - 500 
    message - CastError: Cast to ObjectId failed for value "63c7bd3ee0f67a0838e7b06" (type string) at path "_id" for model "Note"
    at model.Query.exec (C:\Users\Yatendra Pratap\Fundoo_Notes\node_modules\mongoose\lib\query.js:4498:21)
    at model.Query.Query.then (C:\Users\Yatendra Pratap\Fundoo_Notes\node_modules\mongoose\lib\query.js:4592:15)
    at processTicksAndRejections (node:internal/process/task_queues:95:5) 
    url - /api/v1/notes/63c7bd3ee0f67a0838e7b06 
    method - GET 
    IP - ::1
   {"timestamp":"2023-01-18T10:20:43.594Z"}
error: 
    status - 500 
    message - CastError: Cast to ObjectId failed for value "63c7bd3ee0f67a0838e7b06" (type string) at path "_id" for model "Note"
    at model.Query.exec (C:\Users\Yatendra Pratap\Fundoo_Notes\node_modules\mongoose\lib\query.js:4498:21)
    at model.Query.Query.then (C:\Users\Yatendra Pratap\Fundoo_Notes\node_modules\mongoose\lib\query.js:4592:15)
    at processTicksAndRejections (node:internal/process/task_queues:95:5) 
    url - /api/v1/notes/63c7bd3ee0f67a0838e7b06 
    method - GET 
    IP - ::1
   {"timestamp":"2023-01-18T10:24:55.012Z"}
info: Server started at http://localhost:5454/api/v1/ {"timestamp":"2023-01-18T10:27:43.612Z"}
info: Connected to the database. {"timestamp":"2023-01-18T10:27:46.392Z"}
info: Server started at http://localhost:5454/api/v1/ {"timestamp":"2023-01-18T10:28:14.347Z"}
info: Connected to the database. {"timestamp":"2023-01-18T10:28:16.893Z"}
info: Server started at http://localhost:5454/api/v1/ {"timestamp":"2023-01-18T10:32:09.250Z"}
info: Connected to the database. {"timestamp":"2023-01-18T10:32:11.903Z"}
info: Server started at http://localhost:5454/api/v1/ {"timestamp":"2023-01-18T10:32:31.805Z"}
info: Connected to the database. {"timestamp":"2023-01-18T10:32:34.482Z"}
info: Server started at http://localhost:5454/api/v1/ {"timestamp":"2023-01-18T10:34:52.440Z"}
info: Connected to the database. {"timestamp":"2023-01-18T10:34:55.125Z"}
info: Server started at http://localhost:5454/api/v1/ {"timestamp":"2023-01-18T10:35:47.371Z"}
info: Server started at http://localhost:5454/api/v1/ {"timestamp":"2023-01-18T10:36:24.729Z"}
info: Connected to the database. {"timestamp":"2023-01-18T10:36:27.595Z"}
info: Server started at http://localhost:5454/api/v1/ {"timestamp":"2023-01-18T10:37:11.262Z"}
info: Connected to the database. {"timestamp":"2023-01-18T10:37:14.745Z"}
error: 
    status - 500 
    message - Error: NO note found
    at _callee2$ (C:\Users\Yatendra Pratap\Fundoo_Notes\src\services\/note.service.js:23:9)
    at tryCatch (C:\Users\Yatendra Pratap\Fundoo_Notes\node_modules\@babel\runtime\helpers\regeneratorRuntime.js:44:17)
    at Generator.<anonymous> (C:\Users\Yatendra Pratap\Fundoo_Notes\node_modules\@babel\runtime\helpers\regeneratorRuntime.js:125:22)
    at Generator.next (C:\Users\Yatendra Pratap\Fundoo_Notes\node_modules\@babel\runtime\helpers\regeneratorRuntime.js:69:21)
    at asyncGeneratorStep (C:\Users\Yatendra Pratap\Fundoo_Notes\node_modules\@babel\runtime\helpers\asyncToGenerator.js:3:24)
    at _next (C:\Users\Yatendra Pratap\Fundoo_Notes\node_modules\@babel\runtime\helpers\asyncToGenerator.js:22:9)
    at processTicksAndRejections (node:internal/process/task_queues:95:5) 
    url - /api/v1/notes/63c7bd3ee0f67a0838e7b063 
    method - GET 
    IP - ::1
   {"timestamp":"2023-01-18T10:37:18.987Z"}
info: Server started at http://localhost:5454/api/v1/ {"timestamp":"2023-01-18T10:38:10.176Z"}
info: Connected to the database. {"timestamp":"2023-01-18T10:38:12.908Z"}
info: Server started at http://localhost:5454/api/v1/ {"timestamp":"2023-01-18T10:38:40.170Z"}
info: Connected to the database. {"timestamp":"2023-01-18T10:38:42.851Z"}
info: Server started at http://localhost:5454/api/v1/ {"timestamp":"2023-01-18T10:39:12.809Z"}
info: Connected to the database. {"timestamp":"2023-01-18T10:39:15.686Z"}
info: Server started at http://localhost:5454/api/v1/ {"timestamp":"2023-01-18T10:39:27.220Z"}
info: Connected to the database. {"timestamp":"2023-01-18T10:39:29.799Z"}
info: Server started at http://localhost:5454/api/v1/ {"timestamp":"2023-01-18T10:41:24.397Z"}
info: Connected to the database. {"timestamp":"2023-01-18T10:41:27.344Z"}
error: 
    status - 500 
    message - JsonWebTokenError: invalid signature
    at C:\Users\Yatendra Pratap\Fundoo_Notes\node_modules\jsonwebtoken\verify.js:133:19
    at getSecret (C:\Users\Yatendra Pratap\Fundoo_Notes\node_modules\jsonwebtoken\verify.js:90:14)
    at Object.verify (C:\Users\Yatendra Pratap\Fundoo_Notes\node_modules\jsonwebtoken\verify.js:94:10)
    at _callee$ (C:\Users\Yatendra Pratap\Fundoo_Notes\src\middlewares\/auth.middleware.js:17:29)
    at tryCatch (C:\Users\Yatendra Pratap\Fundoo_Notes\node_modules\@babel\runtime\helpers\regeneratorRuntime.js:44:17)
    at Generator.<anonymous> (C:\Users\Yatendra Pratap\Fundoo_Notes\node_modules\@babel\runtime\helpers\regeneratorRuntime.js:125:22)
    at Generator.next (C:\Users\Yatendra Pratap\Fundoo_Notes\node_modules\@babel\runtime\helpers\regeneratorRuntime.js:69:21)
    at asyncGeneratorStep (C:\Users\Yatendra Pratap\Fundoo_Notes\node_modules\@babel\runtime\helpers\asyncToGenerator.js:3:24)
    at _next (C:\Users\Yatendra Pratap\Fundoo_Notes\node_modules\@babel\runtime\helpers\asyncToGenerator.js:22:9)
    at C:\Users\Yatendra Pratap\Fundoo_Notes\node_modules\@babel\runtime\helpers\asyncToGenerator.js:27:7
    at new Promise (<anonymous>)
    at C:\Users\Yatendra Pratap\Fundoo_Notes\node_modules\@babel\runtime\helpers\asyncToGenerator.js:19:12
    at userAuth (C:\Users\Yatendra Pratap\Fundoo_Notes\src\middlewares\/auth.middleware.js:8:22)
    at Layer.handle [as handle_request] (C:\Users\Yatendra Pratap\Fundoo_Notes\node_modules\express\lib\router\layer.js:95:5)
    at next (C:\Users\Yatendra Pratap\Fundoo_Notes\node_modules\express\lib\router\route.js:144:13)
    at Route.dispatch (C:\Users\Yatendra Pratap\Fundoo_Notes\node_modules\express\lib\router\route.js:114:3)
    at Layer.handle [as handle_request] (C:\Users\Yatendra Pratap\Fundoo_Notes\node_modules\express\lib\router\layer.js:95:5)
    at C:\Users\Yatendra Pratap\Fundoo_Notes\node_modules\express\lib\router\index.js:284:15
    at Function.process_params (C:\Users\Yatendra Pratap\Fundoo_Notes\node_modules\express\lib\router\index.js:346:12)
    at next (C:\Users\Yatendra Pratap\Fundoo_Notes\node_modules\express\lib\router\index.js:280:10)
    at Function.handle (C:\Users\Yatendra Pratap\Fundoo_Notes\node_modules\express\lib\router\index.js:175:3)
    at router (C:\Users\Yatendra Pratap\Fundoo_Notes\node_modules\express\lib\router\index.js:47:12)
    at Layer.handle [as handle_request] (C:\Users\Yatendra Pratap\Fundoo_Notes\node_modules\express\lib\router\layer.js:95:5)
    at trim_prefix (C:\Users\Yatendra Pratap\Fundoo_Notes\node_modules\express\lib\router\index.js:328:13)
    at C:\Users\Yatendra Pratap\Fundoo_Notes\node_modules\express\lib\router\index.js:286:9
    at Function.process_params (C:\Users\Yatendra Pratap\Fundoo_Notes\node_modules\express\lib\router\index.js:346:12)
    at next (C:\Users\Yatendra Pratap\Fundoo_Notes\node_modules\express\lib\router\index.js:280:10)
    at Function.handle (C:\Users\Yatendra Pratap\Fundoo_Notes\node_modules\express\lib\router\index.js:175:3)
    at router (C:\Users\Yatendra Pratap\Fundoo_Notes\node_modules\express\lib\router\index.js:47:12)
    at Layer.handle [as handle_request] (C:\Users\Yatendra Pratap\Fundoo_Notes\node_modules\express\lib\router\layer.js:95:5)
    at trim_prefix (C:\Users\Yatendra Pratap\Fundoo_Notes\node_modules\express\lib\router\index.js:328:13)
    at C:\Users\Yatendra Pratap\Fundoo_Notes\node_modules\express\lib\router\index.js:286:9
    at Function.process_params (C:\Users\Yatendra Pratap\Fundoo_Notes\node_modules\express\lib\router\index.js:346:12)
    at next (C:\Users\Yatendra Pratap\Fundoo_Notes\node_modules\express\lib\router\index.js:280:10)
    at logger (C:\Users\Yatendra Pratap\Fundoo_Notes\node_modules\morgan\index.js:144:5)
    at Layer.handle [as handle_request] (C:\Users\Yatendra Pratap\Fundoo_Notes\node_modules\express\lib\router\layer.js:95:5)
    at trim_prefix (C:\Users\Yatendra Pratap\Fundoo_Notes\node_modules\express\lib\router\index.js:328:13)
    at C:\Users\Yatendra Pratap\Fundoo_Notes\node_modules\express\lib\router\index.js:286:9
    at Function.process_params (C:\Users\Yatendra Pratap\Fundoo_Notes\node_modules\express\lib\router\index.js:346:12)
    at next (C:\Users\Yatendra Pratap\Fundoo_Notes\node_modules\express\lib\router\index.js:280:10)
    at C:\Users\Yatendra Pratap\Fundoo_Notes\node_modules\body-parser\lib\read.js:137:5
    at AsyncResource.runInAsyncScope (node:async_hooks:204:9)
    at invokeCallback (C:\Users\Yatendra Pratap\Fundoo_Notes\node_modules\raw-body\index.js:231:16)
    at done (C:\Users\Yatendra Pratap\Fundoo_Notes\node_modules\raw-body\index.js:220:7)
    at IncomingMessage.onEnd (C:\Users\Yatendra Pratap\Fundoo_Notes\node_modules\raw-body\index.js:280:7)
    at IncomingMessage.emit (node:events:513:28)
    at IncomingMessage.emit (node:domain:489:12)
    at endReadableNT (node:internal/streams/readable:1359:12)
    at processTicksAndRejections (node:internal/process/task_queues:82:21) 
    url - /api/v1/notes/all 
    method - GET 
    IP - ::1
   {"timestamp":"2023-01-18T10:43:00.463Z"}
error: 
    status - 500 
    message - JsonWebTokenError: invalid signature
    at C:\Users\Yatendra Pratap\Fundoo_Notes\node_modules\jsonwebtoken\verify.js:133:19
    at getSecret (C:\Users\Yatendra Pratap\Fundoo_Notes\node_modules\jsonwebtoken\verify.js:90:14)
    at Object.verify (C:\Users\Yatendra Pratap\Fundoo_Notes\node_modules\jsonwebtoken\verify.js:94:10)
    at _callee$ (C:\Users\Yatendra Pratap\Fundoo_Notes\src\middlewares\/auth.middleware.js:17:29)
    at tryCatch (C:\Users\Yatendra Pratap\Fundoo_Notes\node_modules\@babel\runtime\helpers\regeneratorRuntime.js:44:17)
    at Generator.<anonymous> (C:\Users\Yatendra Pratap\Fundoo_Notes\node_modules\@babel\runtime\helpers\regeneratorRuntime.js:125:22)
    at Generator.next (C:\Users\Yatendra Pratap\Fundoo_Notes\node_modules\@babel\runtime\helpers\regeneratorRuntime.js:69:21)
    at asyncGeneratorStep (C:\Users\Yatendra Pratap\Fundoo_Notes\node_modules\@babel\runtime\helpers\asyncToGenerator.js:3:24)
    at _next (C:\Users\Yatendra Pratap\Fundoo_Notes\node_modules\@babel\runtime\helpers\asyncToGenerator.js:22:9)
    at C:\Users\Yatendra Pratap\Fundoo_Notes\node_modules\@babel\runtime\helpers\asyncToGenerator.js:27:7
    at new Promise (<anonymous>)
    at C:\Users\Yatendra Pratap\Fundoo_Notes\node_modules\@babel\runtime\helpers\asyncToGenerator.js:19:12
    at userAuth (C:\Users\Yatendra Pratap\Fundoo_Notes\src\middlewares\/auth.middleware.js:8:22)
    at Layer.handle [as handle_request] (C:\Users\Yatendra Pratap\Fundoo_Notes\node_modules\express\lib\router\layer.js:95:5)
    at next (C:\Users\Yatendra Pratap\Fundoo_Notes\node_modules\express\lib\router\route.js:144:13)
    at Route.dispatch (C:\Users\Yatendra Pratap\Fundoo_Notes\node_modules\express\lib\router\route.js:114:3)
    at Layer.handle [as handle_request] (C:\Users\Yatendra Pratap\Fundoo_Notes\node_modules\express\lib\router\layer.js:95:5)
    at C:\Users\Yatendra Pratap\Fundoo_Notes\node_modules\express\lib\router\index.js:284:15
    at param (C:\Users\Yatendra Pratap\Fundoo_Notes\node_modules\express\lib\router\index.js:365:14)
    at param (C:\Users\Yatendra Pratap\Fundoo_Notes\node_modules\express\lib\router\index.js:376:14)
    at Function.process_params (C:\Users\Yatendra Pratap\Fundoo_Notes\node_modules\express\lib\router\index.js:421:3)
    at next (C:\Users\Yatendra Pratap\Fundoo_Notes\node_modules\express\lib\router\index.js:280:10)
    at Function.handle (C:\Users\Yatendra Pratap\Fundoo_Notes\node_modules\express\lib\router\index.js:175:3)
    at router (C:\Users\Yatendra Pratap\Fundoo_Notes\node_modules\express\lib\router\index.js:47:12)
    at Layer.handle [as handle_request] (C:\Users\Yatendra Pratap\Fundoo_Notes\node_modules\express\lib\router\layer.js:95:5)
    at trim_prefix (C:\Users\Yatendra Pratap\Fundoo_Notes\node_modules\express\lib\router\index.js:328:13)
    at C:\Users\Yatendra Pratap\Fundoo_Notes\node_modules\express\lib\router\index.js:286:9
    at Function.process_params (C:\Users\Yatendra Pratap\Fundoo_Notes\node_modules\express\lib\router\index.js:346:12)
    at next (C:\Users\Yatendra Pratap\Fundoo_Notes\node_modules\express\lib\router\index.js:280:10)
    at Function.handle (C:\Users\Yatendra Pratap\Fundoo_Notes\node_modules\express\lib\router\index.js:175:3)
    at router (C:\Users\Yatendra Pratap\Fundoo_Notes\node_modules\express\lib\router\index.js:47:12)
    at Layer.handle [as handle_request] (C:\Users\Yatendra Pratap\Fundoo_Notes\node_modules\express\lib\router\layer.js:95:5)
    at trim_prefix (C:\Users\Yatendra Pratap\Fundoo_Notes\node_modules\express\lib\router\index.js:328:13)
    at C:\Users\Yatendra Pratap\Fundoo_Notes\node_modules\express\lib\router\index.js:286:9
    at Function.process_params (C:\Users\Yatendra Pratap\Fundoo_Notes\node_modules\express\lib\router\index.js:346:12)
    at next (C:\Users\Yatendra Pratap\Fundoo_Notes\node_modules\express\lib\router\index.js:280:10)
    at logger (C:\Users\Yatendra Pratap\Fundoo_Notes\node_modules\morgan\index.js:144:5)
    at Layer.handle [as handle_request] (C:\Users\Yatendra Pratap\Fundoo_Notes\node_modules\express\lib\router\layer.js:95:5)
    at trim_prefix (C:\Users\Yatendra Pratap\Fundoo_Notes\node_modules\express\lib\router\index.js:328:13)
    at C:\Users\Yatendra Pratap\Fundoo_Notes\node_modules\express\lib\router\index.js:286:9
    at Function.process_params (C:\Users\Yatendra Pratap\Fundoo_Notes\node_modules\express\lib\router\index.js:346:12)
    at next (C:\Users\Yatendra Pratap\Fundoo_Notes\node_modules\express\lib\router\index.js:280:10)
    at C:\Users\Yatendra Pratap\Fundoo_Notes\node_modules\body-parser\lib\read.js:137:5
    at AsyncResource.runInAsyncScope (node:async_hooks:204:9)
    at invokeCallback (C:\Users\Yatendra Pratap\Fundoo_Notes\node_modules\raw-body\index.js:231:16)
    at done (C:\Users\Yatendra Pratap\Fundoo_Notes\node_modules\raw-body\index.js:220:7)
    at IncomingMessage.onEnd (C:\Users\Yatendra Pratap\Fundoo_Notes\node_modules\raw-body\index.js:280:7)
    at IncomingMessage.emit (node:events:513:28)
    at IncomingMessage.emit (node:domain:489:12)
    at endReadableNT (node:internal/streams/readable:1359:12) 
    url - /api/v1/notes/63c7bcfee0f67a0838e7b05e 
    method - GET 
    IP - ::1
   {"timestamp":"2023-01-18T10:43:44.759Z"}
error: 
    status - 500 
    message - JsonWebTokenError: invalid signature
    at C:\Users\Yatendra Pratap\Fundoo_Notes\node_modules\jsonwebtoken\verify.js:133:19
    at getSecret (C:\Users\Yatendra Pratap\Fundoo_Notes\node_modules\jsonwebtoken\verify.js:90:14)
    at Object.verify (C:\Users\Yatendra Pratap\Fundoo_Notes\node_modules\jsonwebtoken\verify.js:94:10)
    at _callee$ (C:\Users\Yatendra Pratap\Fundoo_Notes\src\middlewares\/auth.middleware.js:17:29)
    at tryCatch (C:\Users\Yatendra Pratap\Fundoo_Notes\node_modules\@babel\runtime\helpers\regeneratorRuntime.js:44:17)
    at Generator.<anonymous> (C:\Users\Yatendra Pratap\Fundoo_Notes\node_modules\@babel\runtime\helpers\regeneratorRuntime.js:125:22)
    at Generator.next (C:\Users\Yatendra Pratap\Fundoo_Notes\node_modules\@babel\runtime\helpers\regeneratorRuntime.js:69:21)
    at asyncGeneratorStep (C:\Users\Yatendra Pratap\Fundoo_Notes\node_modules\@babel\runtime\helpers\asyncToGenerator.js:3:24)
    at _next (C:\Users\Yatendra Pratap\Fundoo_Notes\node_modules\@babel\runtime\helpers\asyncToGenerator.js:22:9)
    at C:\Users\Yatendra Pratap\Fundoo_Notes\node_modules\@babel\runtime\helpers\asyncToGenerator.js:27:7
    at new Promise (<anonymous>)
    at C:\Users\Yatendra Pratap\Fundoo_Notes\node_modules\@babel\runtime\helpers\asyncToGenerator.js:19:12
    at userAuth (C:\Users\Yatendra Pratap\Fundoo_Notes\src\middlewares\/auth.middleware.js:8:22)
    at Layer.handle [as handle_request] (C:\Users\Yatendra Pratap\Fundoo_Notes\node_modules\express\lib\router\layer.js:95:5)
    at next (C:\Users\Yatendra Pratap\Fundoo_Notes\node_modules\express\lib\router\route.js:144:13)
    at Route.dispatch (C:\Users\Yatendra Pratap\Fundoo_Notes\node_modules\express\lib\router\route.js:114:3)
    at Layer.handle [as handle_request] (C:\Users\Yatendra Pratap\Fundoo_Notes\node_modules\express\lib\router\layer.js:95:5)
    at C:\Users\Yatendra Pratap\Fundoo_Notes\node_modules\express\lib\router\index.js:284:15
    at param (C:\Users\Yatendra Pratap\Fundoo_Notes\node_modules\express\lib\router\index.js:365:14)
    at param (C:\Users\Yatendra Pratap\Fundoo_Notes\node_modules\express\lib\router\index.js:376:14)
    at Function.process_params (C:\Users\Yatendra Pratap\Fundoo_Notes\node_modules\express\lib\router\index.js:421:3)
    at next (C:\Users\Yatendra Pratap\Fundoo_Notes\node_modules\express\lib\router\index.js:280:10)
    at Function.handle (C:\Users\Yatendra Pratap\Fundoo_Notes\node_modules\express\lib\router\index.js:175:3)
    at router (C:\Users\Yatendra Pratap\Fundoo_Notes\node_modules\express\lib\router\index.js:47:12)
    at Layer.handle [as handle_request] (C:\Users\Yatendra Pratap\Fundoo_Notes\node_modules\express\lib\router\layer.js:95:5)
    at trim_prefix (C:\Users\Yatendra Pratap\Fundoo_Notes\node_modules\express\lib\router\index.js:328:13)
    at C:\Users\Yatendra Pratap\Fundoo_Notes\node_modules\express\lib\router\index.js:286:9
    at Function.process_params (C:\Users\Yatendra Pratap\Fundoo_Notes\node_modules\express\lib\router\index.js:346:12)
    at next (C:\Users\Yatendra Pratap\Fundoo_Notes\node_modules\express\lib\router\index.js:280:10)
    at Function.handle (C:\Users\Yatendra Pratap\Fundoo_Notes\node_modules\express\lib\router\index.js:175:3)
    at router (C:\Users\Yatendra Pratap\Fundoo_Notes\node_modules\express\lib\router\index.js:47:12)
    at Layer.handle [as handle_request] (C:\Users\Yatendra Pratap\Fundoo_Notes\node_modules\express\lib\router\layer.js:95:5)
    at trim_prefix (C:\Users\Yatendra Pratap\Fundoo_Notes\node_modules\express\lib\router\index.js:328:13)
    at C:\Users\Yatendra Pratap\Fundoo_Notes\node_modules\express\lib\router\index.js:286:9
    at Function.process_params (C:\Users\Yatendra Pratap\Fundoo_Notes\node_modules\express\lib\router\index.js:346:12)
    at next (C:\Users\Yatendra Pratap\Fundoo_Notes\node_modules\express\lib\router\index.js:280:10)
    at logger (C:\Users\Yatendra Pratap\Fundoo_Notes\node_modules\morgan\index.js:144:5)
    at Layer.handle [as handle_request] (C:\Users\Yatendra Pratap\Fundoo_Notes\node_modules\express\lib\router\layer.js:95:5)
    at trim_prefix (C:\Users\Yatendra Pratap\Fundoo_Notes\node_modules\express\lib\router\index.js:328:13)
    at C:\Users\Yatendra Pratap\Fundoo_Notes\node_modules\express\lib\router\index.js:286:9
    at Function.process_params (C:\Users\Yatendra Pratap\Fundoo_Notes\node_modules\express\lib\router\index.js:346:12)
    at next (C:\Users\Yatendra Pratap\Fundoo_Notes\node_modules\express\lib\router\index.js:280:10)
    at C:\Users\Yatendra Pratap\Fundoo_Notes\node_modules\body-parser\lib\read.js:137:5
    at AsyncResource.runInAsyncScope (node:async_hooks:204:9)
    at invokeCallback (C:\Users\Yatendra Pratap\Fundoo_Notes\node_modules\raw-body\index.js:231:16)
    at done (C:\Users\Yatendra Pratap\Fundoo_Notes\node_modules\raw-body\index.js:220:7)
    at IncomingMessage.onEnd (C:\Users\Yatendra Pratap\Fundoo_Notes\node_modules\raw-body\index.js:280:7)
    at IncomingMessage.emit (node:events:513:28)
    at IncomingMessage.emit (node:domain:489:12)
    at endReadableNT (node:internal/streams/readable:1359:12) 
    url - /api/v1/notes/63c7bcfee0f67a0838e7b05e 
    method - GET 
    IP - ::1
   {"timestamp":"2023-01-18T10:43:51.837Z"}
error: 
    status - 500 
    message - CastError: Cast to ObjectId failed for value "63c7bcfee0f67a0838e7b05" (type string) at path "_id" for model "Note"
    at model.Query.exec (C:\Users\Yatendra Pratap\Fundoo_Notes\node_modules\mongoose\lib\query.js:4498:21)
    at model.Query.Query.then (C:\Users\Yatendra Pratap\Fundoo_Notes\node_modules\mongoose\lib\query.js:4592:15)
    at processTicksAndRejections (node:internal/process/task_queues:95:5) 
    url - /api/v1/notes/63c7bcfee0f67a0838e7b05 
    method - GET 
    IP - ::1
   {"timestamp":"2023-01-18T10:44:05.179Z"}
error: 
    status - 500 
    message - CastError: Cast to ObjectId failed for value "63c7bcfee0f67a0838e7b05" (type string) at path "_id" for model "Note"
    at model.Query.exec (C:\Users\Yatendra Pratap\Fundoo_Notes\node_modules\mongoose\lib\query.js:4498:21)
    at model.Query.Query.then (C:\Users\Yatendra Pratap\Fundoo_Notes\node_modules\mongoose\lib\query.js:4592:15)
    at processTicksAndRejections (node:internal/process/task_queues:95:5) 
    url - /api/v1/notes/63c7bcfee0f67a0838e7b05 
    method - GET 
    IP - ::1
   {"timestamp":"2023-01-18T10:45:39.792Z"}
error: 
    status - 500 
    message - Error: NO note found
    at _callee2$ (C:\Users\Yatendra Pratap\Fundoo_Notes\src\services\/note.service.js:23:9)
    at tryCatch (C:\Users\Yatendra Pratap\Fundoo_Notes\node_modules\@babel\runtime\helpers\regeneratorRuntime.js:44:17)
    at Generator.<anonymous> (C:\Users\Yatendra Pratap\Fundoo_Notes\node_modules\@babel\runtime\helpers\regeneratorRuntime.js:125:22)
    at Generator.next (C:\Users\Yatendra Pratap\Fundoo_Notes\node_modules\@babel\runtime\helpers\regeneratorRuntime.js:69:21)
    at asyncGeneratorStep (C:\Users\Yatendra Pratap\Fundoo_Notes\node_modules\@babel\runtime\helpers\asyncToGenerator.js:3:24)
    at _next (C:\Users\Yatendra Pratap\Fundoo_Notes\node_modules\@babel\runtime\helpers\asyncToGenerator.js:22:9)
    at processTicksAndRejections (node:internal/process/task_queues:95:5) 
    url - /api/v1/notes/63c7bcfee0f67a0838e7b05f 
    method - GET 
    IP - ::1
   {"timestamp":"2023-01-18T10:46:45.005Z"}
error: 
    status - 500 
    message - Error: NO note found
    at _callee4$ (C:\Users\Yatendra Pratap\Fundoo_Notes\src\services\/note.service.js:48:11)
    at tryCatch (C:\Users\Yatendra Pratap\Fundoo_Notes\node_modules\@babel\runtime\helpers\regeneratorRuntime.js:44:17)
    at Generator.<anonymous> (C:\Users\Yatendra Pratap\Fundoo_Notes\node_modules\@babel\runtime\helpers\regeneratorRuntime.js:125:22)
    at Generator.next (C:\Users\Yatendra Pratap\Fundoo_Notes\node_modules\@babel\runtime\helpers\regeneratorRuntime.js:69:21)
    at asyncGeneratorStep (C:\Users\Yatendra Pratap\Fundoo_Notes\node_modules\@babel\runtime\helpers\asyncToGenerator.js:3:24)
    at _next (C:\Users\Yatendra Pratap\Fundoo_Notes\node_modules\@babel\runtime\helpers\asyncToGenerator.js:22:9)
    at processTicksAndRejections (node:internal/process/task_queues:95:5) 
    url - /api/v1/notes/63c7bcfee0f67a0838e7b05f 
    method - PUT 
    IP - ::1
   {"timestamp":"2023-01-18T10:47:42.120Z"}
info: Server started at http://localhost:5454/api/v1/ {"timestamp":"2023-01-18T10:48:11.451Z"}
info: Server started at http://localhost:5454/api/v1/ {"timestamp":"2023-01-18T10:48:22.788Z"}
info: Connected to the database. {"timestamp":"2023-01-18T10:48:25.464Z"}
info: Server started at http://localhost:5454/api/v1/ {"timestamp":"2023-01-18T10:48:35.145Z"}
info: Server started at http://localhost:5454/api/v1/ {"timestamp":"2023-01-18T10:48:45.679Z"}
info: Connected to the database. {"timestamp":"2023-01-18T10:48:48.661Z"}
info: Server started at http://localhost:5454/api/v1/ {"timestamp":"2023-01-18T10:49:36.961Z"}
info: Connected to the database. {"timestamp":"2023-01-18T10:49:39.802Z"}
info: Server started at http://localhost:5454/api/v1/ {"timestamp":"2023-01-18T10:49:54.018Z"}
info: Connected to the database. {"timestamp":"2023-01-18T10:49:56.838Z"}
info: Server started at http://localhost:5454/api/v1/ {"timestamp":"2023-01-18T10:50:27.656Z"}
info: Server started at http://localhost:5454/api/v1/ {"timestamp":"2023-01-18T10:50:44.105Z"}
info: Server started at http://localhost:5454/api/v1/ {"timestamp":"2023-01-18T10:50:57.427Z"}
info: Connected to the database. {"timestamp":"2023-01-18T10:51:00.678Z"}
info: Server started at http://localhost:5454/api/v1/ {"timestamp":"2023-01-18T10:51:18.584Z"}
info: Connected to the database. {"timestamp":"2023-01-18T10:51:21.866Z"}
info: Server started at http://localhost:5454/api/v1/ {"timestamp":"2023-01-18T10:51:45.859Z"}
info: Connected to the database. {"timestamp":"2023-01-18T10:51:49.075Z"}
info: Server started at http://localhost:5454/api/v1/ {"timestamp":"2023-01-18T10:52:32.667Z"}
info: Connected to the database. {"timestamp":"2023-01-18T10:52:35.657Z"}
error: 
    status - 500 
    message - Error: Invalid Object_id
    at _callee4$ (C:\Users\Yatendra Pratap\Fundoo_Notes\src\services\/note.service.js:42:11)
    at tryCatch (C:\Users\Yatendra Pratap\Fundoo_Notes\node_modules\@babel\runtime\helpers\regeneratorRuntime.js:44:17)
    at Generator.<anonymous> (C:\Users\Yatendra Pratap\Fundoo_Notes\node_modules\@babel\runtime\helpers\regeneratorRuntime.js:125:22)
    at Generator.next (C:\Users\Yatendra Pratap\Fundoo_Notes\node_modules\@babel\runtime\helpers\regeneratorRuntime.js:69:21)
    at asyncGeneratorStep (C:\Users\Yatendra Pratap\Fundoo_Notes\node_modules\@babel\runtime\helpers\asyncToGenerator.js:3:24)
    at _next (C:\Users\Yatendra Pratap\Fundoo_Notes\node_modules\@babel\runtime\helpers\asyncToGenerator.js:22:9)
    at processTicksAndRejections (node:internal/process/task_queues:95:5) 
    url - /api/v1/notes/63c7bcfee0f67a0838e7b05f 
    method - PUT 
    IP - ::1
   {"timestamp":"2023-01-18T10:52:41.886Z"}
error: 
    status - 500 
    message - Error: Invalid Object_id
    at _callee6$ (C:\Users\Yatendra Pratap\Fundoo_Notes\src\services\/note.service.js:69:11)
    at tryCatch (C:\Users\Yatendra Pratap\Fundoo_Notes\node_modules\@babel\runtime\helpers\regeneratorRuntime.js:44:17)
    at Generator.<anonymous> (C:\Users\Yatendra Pratap\Fundoo_Notes\node_modules\@babel\runtime\helpers\regeneratorRuntime.js:125:22)
    at Generator.next (C:\Users\Yatendra Pratap\Fundoo_Notes\node_modules\@babel\runtime\helpers\regeneratorRuntime.js:69:21)
    at asyncGeneratorStep (C:\Users\Yatendra Pratap\Fundoo_Notes\node_modules\@babel\runtime\helpers\asyncToGenerator.js:3:24)
    at _next (C:\Users\Yatendra Pratap\Fundoo_Notes\node_modules\@babel\runtime\helpers\asyncToGenerator.js:22:9)
    at processTicksAndRejections (node:internal/process/task_queues:95:5) 
    url - /api/v1/notes/63c7bcfee0f67a0838e7b05f/archive 
    method - PUT 
    IP - ::1
   {"timestamp":"2023-01-18T10:53:07.874Z"}
error: 
    status - 500 
    message - Error: Invalid Object_id
    at _callee7$ (C:\Users\Yatendra Pratap\Fundoo_Notes\src\services\/note.service.js:85:11)
    at tryCatch (C:\Users\Yatendra Pratap\Fundoo_Notes\node_modules\@babel\runtime\helpers\regeneratorRuntime.js:44:17)
    at Generator.<anonymous> (C:\Users\Yatendra Pratap\Fundoo_Notes\node_modules\@babel\runtime\helpers\regeneratorRuntime.js:125:22)
    at Generator.next (C:\Users\Yatendra Pratap\Fundoo_Notes\node_modules\@babel\runtime\helpers\regeneratorRuntime.js:69:21)
    at asyncGeneratorStep (C:\Users\Yatendra Pratap\Fundoo_Notes\node_modules\@babel\runtime\helpers\asyncToGenerator.js:3:24)
    at _next (C:\Users\Yatendra Pratap\Fundoo_Notes\node_modules\@babel\runtime\helpers\asyncToGenerator.js:22:9)
    at processTicksAndRejections (node:internal/process/task_queues:95:5) 
    url - /api/v1/notes/63c7bcfee0f67a0838e7b05f/trash 
    method - PUT 
    IP - ::1
   {"timestamp":"2023-01-18T10:53:15.793Z"}
error: 
    status - 500 
    message - CastError: Cast to ObjectId failed for value "63c7bcfee0f67a0838e7b05" (type string) at path "_id" for model "Note"
    at model.Query.exec (C:\Users\Yatendra Pratap\Fundoo_Notes\node_modules\mongoose\lib\query.js:4498:21)
    at model.Query.Query.then (C:\Users\Yatendra Pratap\Fundoo_Notes\node_modules\mongoose\lib\query.js:4592:15)
    at processTicksAndRejections (node:internal/process/task_queues:95:5) 
    url - /api/v1/notes/63c7bcfee0f67a0838e7b05/trash 
    method - PUT 
    IP - ::1
   {"timestamp":"2023-01-18T10:53:22.919Z"}
error: 
    status - 500 
    message - Error: Invalid Object_id
    at _callee5$ (C:\Users\Yatendra Pratap\Fundoo_Notes\src\services\/note.service.js:52:11)
    at tryCatch (C:\Users\Yatendra Pratap\Fundoo_Notes\node_modules\@babel\runtime\helpers\regeneratorRuntime.js:44:17)
    at Generator.<anonymous> (C:\Users\Yatendra Pratap\Fundoo_Notes\node_modules\@babel\runtime\helpers\regeneratorRuntime.js:125:22)
    at Generator.next (C:\Users\Yatendra Pratap\Fundoo_Notes\node_modules\@babel\runtime\helpers\regeneratorRuntime.js:69:21)
    at asyncGeneratorStep (C:\Users\Yatendra Pratap\Fundoo_Notes\node_modules\@babel\runtime\helpers\asyncToGenerator.js:3:24)
    at _next (C:\Users\Yatendra Pratap\Fundoo_Notes\node_modules\@babel\runtime\helpers\asyncToGenerator.js:22:9)
    at processTicksAndRejections (node:internal/process/task_queues:95:5) 
    url - /api/v1/notes/63c7bcfee0f67a0838e7b05f 
    method - DELETE 
    IP - ::1
   {"timestamp":"2023-01-18T10:53:49.354Z"}
info: Server started at http://localhost:5454/api/v1/ {"timestamp":"2023-01-18T10:55:28.500Z"}
info: Server started at http://localhost:5454/api/v1/ {"timestamp":"2023-01-18T10:55:37.301Z"}
info: Connected to the database. {"timestamp":"2023-01-18T10:55:40.089Z"}
info: Server started at http://localhost:5454/api/v1/ {"timestamp":"2023-01-18T10:56:19.867Z"}
info: Server started at http://localhost:5454/api/v1/ {"timestamp":"2023-01-18T10:56:34.921Z"}
info: Connected to the database. {"timestamp":"2023-01-18T10:56:37.715Z"}
info: Server started at http://localhost:5454/api/v1/ {"timestamp":"2023-01-18T11:14:16.197Z"}
info: Connected to the database. {"timestamp":"2023-01-18T11:14:19.167Z"}
info: Server started at http://localhost:5454/api/v1/ {"timestamp":"2023-01-18T11:21:39.806Z"}
info: Server started at http://localhost:5454/api/v1/ {"timestamp":"2023-01-18T11:22:11.223Z"}
info: Connected to the database. {"timestamp":"2023-01-18T11:22:14.181Z"}
info: Server started at http://localhost:5454/api/v1/ {"timestamp":"2023-01-18T11:22:26.636Z"}
info: Connected to the database. {"timestamp":"2023-01-18T11:22:29.393Z"}
info: Server started at http://localhost:5454/api/v1/ {"timestamp":"2023-01-18T11:22:55.280Z"}
info: Server started at http://localhost:5454/api/v1/ {"timestamp":"2023-01-18T11:23:01.733Z"}
info: Connected to the database. {"timestamp":"2023-01-18T11:23:04.836Z"}
info: Server started at http://localhost:5454/api/v1/ {"timestamp":"2023-01-18T11:27:31.427Z"}
info: Connected to the database. {"timestamp":"2023-01-18T11:27:34.266Z"}
info: Server started at http://localhost:5454/api/v1/ {"timestamp":"2023-01-18T11:28:05.971Z"}
info: Connected to the database. {"timestamp":"2023-01-18T11:28:09.213Z"}
info: Server started at http://localhost:5454/api/v1/ {"timestamp":"2023-01-18T11:28:51.929Z"}
info: Server started at http://localhost:5454/api/v1/ {"timestamp":"2023-01-18T11:29:06.788Z"}
info: Connected to the database. {"timestamp":"2023-01-18T11:29:09.934Z"}
info: Server started at http://localhost:5454/api/v1/ {"timestamp":"2023-01-18T11:29:24.314Z"}
info: Server started at http://localhost:5454/api/v1/ {"timestamp":"2023-01-18T11:29:34.751Z"}
info: Connected to the database. {"timestamp":"2023-01-18T11:29:37.538Z"}
info: Server started at http://localhost:5454/api/v1/ {"timestamp":"2023-01-18T12:01:34.015Z"}
info: Server started at http://localhost:5454/api/v1/ {"timestamp":"2023-01-18T12:01:56.612Z"}
info: Connected to the database. {"timestamp":"2023-01-18T12:01:59.604Z"}
info: Server started at http://localhost:5454/api/v1/ {"timestamp":"2023-01-18T12:02:26.080Z"}
info: Connected to the database. {"timestamp":"2023-01-18T12:02:28.990Z"}
info: Server started at http://localhost:5454/api/v1/ {"timestamp":"2023-01-18T12:02:47.747Z"}
info: Server started at http://localhost:5454/api/v1/ {"timestamp":"2023-01-18T12:02:55.872Z"}
info: Connected to the database. {"timestamp":"2023-01-18T12:02:58.531Z"}
info: Server started at http://localhost:5454/api/v1/ {"timestamp":"2023-01-18T12:03:52.244Z"}
info: Server started at http://localhost:5454/api/v1/ {"timestamp":"2023-01-18T12:05:01.012Z"}
info: Server started at http://localhost:5454/api/v1/ {"timestamp":"2023-01-18T12:07:44.799Z"}
info: Server started at http://localhost:5454/api/v1/ {"timestamp":"2023-01-18T12:19:09.714Z"}
info: Connected to the database. {"timestamp":"2023-01-18T12:19:12.731Z"}
info: Server started at http://localhost:5454/api/v1/ {"timestamp":"2023-01-18T12:19:55.548Z"}
info: Connected to the database. {"timestamp":"2023-01-18T12:19:58.674Z"}
info: Server started at http://localhost:5454/api/v1/ {"timestamp":"2023-01-18T12:20:49.656Z"}
info: Connected to the database. {"timestamp":"2023-01-18T12:20:52.823Z"}
info: Server started at http://localhost:5454/api/v1/ {"timestamp":"2023-01-18T12:24:19.822Z"}
info: Connected to the database. {"timestamp":"2023-01-18T12:24:23.360Z"}
error: 
    status - 500 
    message - ValidationError: "firstname" length must be at least 4 characters long 
    url - /api/v1/users/registerUser 
    method - POST 
    IP - ::ffff:127.0.0.1
   {"timestamp":"2023-01-18T12:24:24.091Z"}
info: Server started at http://localhost:5454/api/v1/ {"timestamp":"2023-01-18T12:50:16.713Z"}
info: Connected to the database. {"timestamp":"2023-01-18T12:50:20.392Z"}
info: Server started at http://localhost:5454/api/v1/ {"timestamp":"2023-01-18T12:51:41.912Z"}
info: Connected to the database. {"timestamp":"2023-01-18T12:51:45.563Z"}
info: Server started at http://localhost:5454/api/v1/ {"timestamp":"2023-01-18T13:00:59.061Z"}
info: Connected to the database. {"timestamp":"2023-01-18T13:01:02.191Z"}
error: 
    status - 500 
    message - Error: Login unsuccesfull
    at _callee$ (C:\Users\Yatendra Pratap\Fundoo_Notes\src\services\/user.service.js:26:13)
    at tryCatch (C:\Users\Yatendra Pratap\Fundoo_Notes\node_modules\@babel\runtime\helpers\regeneratorRuntime.js:44:17)
    at Generator.<anonymous> (C:\Users\Yatendra Pratap\Fundoo_Notes\node_modules\@babel\runtime\helpers\regeneratorRuntime.js:125:22)
    at Generator.next (C:\Users\Yatendra Pratap\Fundoo_Notes\node_modules\@babel\runtime\helpers\regeneratorRuntime.js:69:21)
    at asyncGeneratorStep (C:\Users\Yatendra Pratap\Fundoo_Notes\node_modules\@babel\runtime\helpers\asyncToGenerator.js:3:24)
    at _next (C:\Users\Yatendra Pratap\Fundoo_Notes\node_modules\@babel\runtime\helpers\asyncToGenerator.js:22:9)
    at processTicksAndRejections (node:internal/process/task_queues:95:5) 
    url - /api/v1/users/login 
    method - POST 
    IP - ::ffff:127.0.0.1
   {"timestamp":"2023-01-18T13:01:03.772Z"}
info: Server started at http://localhost:5454/api/v1/ {"timestamp":"2023-01-18T13:03:36.107Z"}
info: Connected to the database. {"timestamp":"2023-01-18T13:03:39.136Z"}
error: 
    status - 500 
    message - ValidationError: "firstname" length must be at least 4 characters long 
    url - /api/v1/users/registerUser 
    method - POST 
    IP - ::ffff:127.0.0.1
   {"timestamp":"2023-01-18T13:03:39.916Z"}
error: 
    status - 500 
    message - Error: Login unsuccesfull
    at _callee$ (C:\Users\Yatendra Pratap\Fundoo_Notes\src\services\/user.service.js:26:13)
    at tryCatch (C:\Users\Yatendra Pratap\Fundoo_Notes\node_modules\@babel\runtime\helpers\regeneratorRuntime.js:44:17)
    at Generator.<anonymous> (C:\Users\Yatendra Pratap\Fundoo_Notes\node_modules\@babel\runtime\helpers\regeneratorRuntime.js:125:22)
    at Generator.next (C:\Users\Yatendra Pratap\Fundoo_Notes\node_modules\@babel\runtime\helpers\regeneratorRuntime.js:69:21)
    at asyncGeneratorStep (C:\Users\Yatendra Pratap\Fundoo_Notes\node_modules\@babel\runtime\helpers\asyncToGenerator.js:3:24)
    at _next (C:\Users\Yatendra Pratap\Fundoo_Notes\node_modules\@babel\runtime\helpers\asyncToGenerator.js:22:9)
    at processTicksAndRejections (node:internal/process/task_queues:95:5) 
    url - /api/v1/users/login 
    method - POST 
    IP - ::ffff:127.0.0.1
   {"timestamp":"2023-01-18T13:03:40.906Z"}
info: Server started at http://localhost:5454/api/v1/ {"timestamp":"2023-01-18T13:15:13.677Z"}
info: Connected to the database. {"timestamp":"2023-01-18T13:15:17.054Z"}
error: 
    status - 500 
    message - ValidationError: "firstname" is required 
    url - /api/v1/users/registerUser 
    method - POST 
    IP - ::1
   {"timestamp":"2023-01-18T13:15:22.422Z"}
info: Server started at http://localhost:5454/api/v1/ {"timestamp":"2023-01-18T15:41:25.251Z"}
error: Could not connect to the database. querySrv ECONNREFUSED _mongodb._tcp.demo.aoloa.mongodb.net {"code":"ECONNREFUSED","hostname":"_mongodb._tcp.demo.aoloa.mongodb.net","stack":"Error: querySrv ECONNREFUSED _mongodb._tcp.demo.aoloa.mongodb.net\n    at QueryReqWrap.onresolve [as oncomplete] (node:internal/dns/callback_resolver:47:19)","syscall":"querySrv","timestamp":"2023-01-18T15:41:25.320Z"}
error: 
    status - 500 
    message - ValidationError: "firstname" length must be at least 4 characters long 
    url - /api/v1/users/registerUser 
    method - POST 
    IP - ::ffff:127.0.0.1
   {"timestamp":"2023-01-18T15:41:30.400Z"}
error: 
    status - 500 
    message - ValidationError: "lastname" length must be at least 4 characters long 
    url - /api/v1/users/registerUser 
    method - POST 
    IP - ::ffff:127.0.0.1
   {"timestamp":"2023-01-18T15:41:30.550Z"}
error: 
    status - 500 
    message - ValidationError: "email" must be a valid email 
    url - /api/v1/users/registerUser 
    method - POST 
    IP - ::ffff:127.0.0.1
   {"timestamp":"2023-01-18T15:41:30.613Z"}
error: 
    status - 500 
    message - ValidationError: "firstname" length must be at least 4 characters long 
    url - /api/v1/users/registerUser 
    method - POST 
    IP - ::ffff:127.0.0.1
   {"timestamp":"2023-01-18T15:41:30.662Z"}
error: 
    status - 500 
    message - MongooseError: Operation `users.insertOne()` buffering timed out after 10000ms
    at Timeout.<anonymous> (C:\Users\Yatendra Pratap\Fundoo_Notes\node_modules\mongoose\lib\drivers\node-mongodb-native\collection.js:198:23)
    at listOnTimeout (node:internal/timers:564:17)
    at processTimers (node:internal/timers:507:7) 
    url - /api/v1/users/registerUser 
    method - POST 
    IP - ::ffff:127.0.0.1
   {"timestamp":"2023-01-18T15:41:35.902Z"}
info: Server started at http://localhost:5454/api/v1/ {"timestamp":"2023-01-18T15:45:59.341Z"}
error: Could not connect to the database. querySrv ECONNREFUSED _mongodb._tcp.demo.aoloa.mongodb.net {"code":"ECONNREFUSED","hostname":"_mongodb._tcp.demo.aoloa.mongodb.net","stack":"Error: querySrv ECONNREFUSED _mongodb._tcp.demo.aoloa.mongodb.net\n    at QueryReqWrap.onresolve [as oncomplete] (node:internal/dns/callback_resolver:47:19)","syscall":"querySrv","timestamp":"2023-01-18T15:45:59.370Z"}
error: 
    status - 500 
    message - ValidationError: "firstname" length must be at least 4 characters long 
    url - /api/v1/users/registerUser 
    method - POST 
    IP - ::ffff:127.0.0.1
   {"timestamp":"2023-01-18T15:46:04.454Z"}
error: 
    status - 500 
    message - ValidationError: "lastname" length must be at least 4 characters long 
    url - /api/v1/users/registerUser 
    method - POST 
    IP - ::ffff:127.0.0.1
   {"timestamp":"2023-01-18T15:46:04.537Z"}
error: 
    status - 500 
    message - ValidationError: "email" must be a valid email 
    url - /api/v1/users/registerUser 
    method - POST 
    IP - ::ffff:127.0.0.1
   {"timestamp":"2023-01-18T15:46:04.579Z"}
error: 
    status - 500 
    message - ValidationError: "firstname" length must be at least 4 characters long 
    url - /api/v1/users/registerUser 
    method - POST 
    IP - ::ffff:127.0.0.1
   {"timestamp":"2023-01-18T15:46:04.610Z"}
error: 
    status - 500 
    message - MongooseError: Operation `users.insertOne()` buffering timed out after 10000ms
    at Timeout.<anonymous> (C:\Users\Yatendra Pratap\Fundoo_Notes\node_modules\mongoose\lib\drivers\node-mongodb-native\collection.js:198:23)
    at listOnTimeout (node:internal/timers:564:17)
    at processTimers (node:internal/timers:507:7) 
    url - /api/v1/users/registerUser 
    method - POST 
    IP - ::ffff:127.0.0.1
   {"timestamp":"2023-01-18T15:46:09.600Z"}
info: Server started at http://localhost:5454/api/v1/ {"timestamp":"2023-01-18T15:46:42.408Z"}
error: 
    status - 500 
    message - ValidationError: "firstname" length must be at least 4 characters long 
    url - /api/v1/users/registerUser 
    method - POST 
    IP - ::ffff:127.0.0.1
   {"timestamp":"2023-01-18T15:46:47.491Z"}
error: 
    status - 500 
    message - ValidationError: "lastname" length must be at least 4 characters long 
    url - /api/v1/users/registerUser 
    method - POST 
    IP - ::ffff:127.0.0.1
   {"timestamp":"2023-01-18T15:46:47.586Z"}
info: Connected to the database. {"timestamp":"2023-01-18T15:46:47.674Z"}
error: 
    status - 500 
    message - ValidationError: "email" must be a valid email 
    url - /api/v1/users/registerUser 
    method - POST 
    IP - ::ffff:127.0.0.1
   {"timestamp":"2023-01-18T15:46:47.685Z"}
error: 
    status - 500 
    message - ValidationError: "firstname" length must be at least 4 characters long 
    url - /api/v1/users/registerUser 
    method - POST 
    IP - ::ffff:127.0.0.1
   {"timestamp":"2023-01-18T15:46:47.708Z"}
error: 
    status - 500 
    message - Error: Login unsuccesfull
    at _callee$ (C:\Users\Yatendra Pratap\Fundoo_Notes\src\services\/user.service.js:26:13)
    at tryCatch (C:\Users\Yatendra Pratap\Fundoo_Notes\node_modules\@babel\runtime\helpers\regeneratorRuntime.js:44:17)
    at Generator.<anonymous> (C:\Users\Yatendra Pratap\Fundoo_Notes\node_modules\@babel\runtime\helpers\regeneratorRuntime.js:125:22)
    at Generator.next (C:\Users\Yatendra Pratap\Fundoo_Notes\node_modules\@babel\runtime\helpers\regeneratorRuntime.js:69:21)
    at asyncGeneratorStep (C:\Users\Yatendra Pratap\Fundoo_Notes\node_modules\@babel\runtime\helpers\asyncToGenerator.js:3:24)
    at _next (C:\Users\Yatendra Pratap\Fundoo_Notes\node_modules\@babel\runtime\helpers\asyncToGenerator.js:22:9)
    at processTicksAndRejections (node:internal/process/task_queues:95:5) 
    url - /api/v1/users/login 
    method - POST 
    IP - ::ffff:127.0.0.1
   {"timestamp":"2023-01-18T15:46:49.514Z"}
error: 
    status - 500 
    message - Error: invalid credential
    at C:\Users\Yatendra Pratap\Fundoo_Notes\src\services\/user.service.js:19:19 
    url - /api/v1/users/login 
    method - POST 
    IP - ::ffff:127.0.0.1
   {"timestamp":"2023-01-18T15:46:50.157Z"}
info: Server started at http://localhost:5454/api/v1/ {"timestamp":"2023-01-18T15:49:06.525Z"}
info: Connected to the database. {"timestamp":"2023-01-18T15:49:11.206Z"}
error: 
    status - 500 
    message - ValidationError: "firstname" length must be at least 4 characters long 
    url - /api/v1/users/registerUser 
    method - POST 
    IP - ::ffff:127.0.0.1
   {"timestamp":"2023-01-18T15:49:11.597Z"}
error: 
    status - 500 
    message - ValidationError: "lastname" length must be at least 4 characters long 
    url - /api/v1/users/registerUser 
    method - POST 
    IP - ::ffff:127.0.0.1
   {"timestamp":"2023-01-18T15:49:11.695Z"}
error: 
    status - 500 
    message - ValidationError: "email" must be a valid email 
    url - /api/v1/users/registerUser 
    method - POST 
    IP - ::ffff:127.0.0.1
   {"timestamp":"2023-01-18T15:49:11.745Z"}
error: 
    status - 500 
    message - ValidationError: "firstname" length must be at least 4 characters long 
    url - /api/v1/users/registerUser 
    method - POST 
    IP - ::ffff:127.0.0.1
   {"timestamp":"2023-01-18T15:49:11.778Z"}
error: 
    status - 500 
    message - Error: Login unsuccesfull
    at _callee$ (C:\Users\Yatendra Pratap\Fundoo_Notes\src\services\/user.service.js:26:13)
    at tryCatch (C:\Users\Yatendra Pratap\Fundoo_Notes\node_modules\@babel\runtime\helpers\regeneratorRuntime.js:44:17)
    at Generator.<anonymous> (C:\Users\Yatendra Pratap\Fundoo_Notes\node_modules\@babel\runtime\helpers\regeneratorRuntime.js:125:22)
    at Generator.next (C:\Users\Yatendra Pratap\Fundoo_Notes\node_modules\@babel\runtime\helpers\regeneratorRuntime.js:69:21)
    at asyncGeneratorStep (C:\Users\Yatendra Pratap\Fundoo_Notes\node_modules\@babel\runtime\helpers\asyncToGenerator.js:3:24)
    at _next (C:\Users\Yatendra Pratap\Fundoo_Notes\node_modules\@babel\runtime\helpers\asyncToGenerator.js:22:9)
    at processTicksAndRejections (node:internal/process/task_queues:95:5) 
    url - /api/v1/users/login 
    method - POST 
    IP - ::ffff:127.0.0.1
   {"timestamp":"2023-01-18T15:49:12.769Z"}
error: 
    status - 500 
    message - Error: Login unsuccesfull
    at _callee$ (C:\Users\Yatendra Pratap\Fundoo_Notes\src\services\/user.service.js:26:13)
    at tryCatch (C:\Users\Yatendra Pratap\Fundoo_Notes\node_modules\@babel\runtime\helpers\regeneratorRuntime.js:44:17)
    at Generator.<anonymous> (C:\Users\Yatendra Pratap\Fundoo_Notes\node_modules\@babel\runtime\helpers\regeneratorRuntime.js:125:22)
    at Generator.next (C:\Users\Yatendra Pratap\Fundoo_Notes\node_modules\@babel\runtime\helpers\regeneratorRuntime.js:69:21)
    at asyncGeneratorStep (C:\Users\Yatendra Pratap\Fundoo_Notes\node_modules\@babel\runtime\helpers\asyncToGenerator.js:3:24)
    at _next (C:\Users\Yatendra Pratap\Fundoo_Notes\node_modules\@babel\runtime\helpers\asyncToGenerator.js:22:9)
    at processTicksAndRejections (node:internal/process/task_queues:95:5) 
    url - /api/v1/users/login 
    method - POST 
    IP - ::ffff:127.0.0.1
   {"timestamp":"2023-01-18T15:49:13.375Z"}
error: 
    status - 500 
    message - Error: Login unsuccesfull
    at _callee$ (C:\Users\Yatendra Pratap\Fundoo_Notes\src\services\/user.service.js:26:13)
    at tryCatch (C:\Users\Yatendra Pratap\Fundoo_Notes\node_modules\@babel\runtime\helpers\regeneratorRuntime.js:44:17)
    at Generator.<anonymous> (C:\Users\Yatendra Pratap\Fundoo_Notes\node_modules\@babel\runtime\helpers\regeneratorRuntime.js:125:22)
    at Generator.next (C:\Users\Yatendra Pratap\Fundoo_Notes\node_modules\@babel\runtime\helpers\regeneratorRuntime.js:69:21)
    at asyncGeneratorStep (C:\Users\Yatendra Pratap\Fundoo_Notes\node_modules\@babel\runtime\helpers\asyncToGenerator.js:3:24)
    at _next (C:\Users\Yatendra Pratap\Fundoo_Notes\node_modules\@babel\runtime\helpers\asyncToGenerator.js:22:9)
    at processTicksAndRejections (node:internal/process/task_queues:95:5) 
    url - /api/v1/users/login 
    method - POST 
    IP - ::ffff:127.0.0.1
   {"timestamp":"2023-01-18T15:49:13.795Z"}
info: Server started at http://localhost:5454/api/v1/ {"timestamp":"2023-01-18T15:50:19.068Z"}
error: 
    status - 500 
    message - ValidationError: "firstname" length must be at least 4 characters long 
    url - /api/v1/users/registerUser 
    method - POST 
    IP - ::ffff:127.0.0.1
   {"timestamp":"2023-01-18T15:50:24.163Z"}
error: 
    status - 500 
    message - ValidationError: "lastname" length must be at least 4 characters long 
    url - /api/v1/users/registerUser 
    method - POST 
    IP - ::ffff:127.0.0.1
   {"timestamp":"2023-01-18T15:50:24.256Z"}
error: 
    status - 500 
    message - ValidationError: "email" must be a valid email 
    url - /api/v1/users/registerUser 
    method - POST 
    IP - ::ffff:127.0.0.1
   {"timestamp":"2023-01-18T15:50:24.310Z"}
error: 
    status - 500 
    message - ValidationError: "firstname" length must be at least 4 characters long 
    url - /api/v1/users/registerUser 
    method - POST 
    IP - ::ffff:127.0.0.1
   {"timestamp":"2023-01-18T15:50:24.366Z"}
info: Connected to the database. {"timestamp":"2023-01-18T15:50:24.882Z"}
error: 
    status - 500 
    message - Error: Login unsuccesfull
    at _callee$ (C:\Users\Yatendra Pratap\Fundoo_Notes\src\services\/user.service.js:26:13)
    at tryCatch (C:\Users\Yatendra Pratap\Fundoo_Notes\node_modules\@babel\runtime\helpers\regeneratorRuntime.js:44:17)
    at Generator.<anonymous> (C:\Users\Yatendra Pratap\Fundoo_Notes\node_modules\@babel\runtime\helpers\regeneratorRuntime.js:125:22)
    at Generator.next (C:\Users\Yatendra Pratap\Fundoo_Notes\node_modules\@babel\runtime\helpers\regeneratorRuntime.js:69:21)
    at asyncGeneratorStep (C:\Users\Yatendra Pratap\Fundoo_Notes\node_modules\@babel\runtime\helpers\asyncToGenerator.js:3:24)
    at _next (C:\Users\Yatendra Pratap\Fundoo_Notes\node_modules\@babel\runtime\helpers\asyncToGenerator.js:22:9)
    at processTicksAndRejections (node:internal/process/task_queues:95:5) 
    url - /api/v1/users/login 
    method - POST 
    IP - ::ffff:127.0.0.1
   {"timestamp":"2023-01-18T15:50:26.842Z"}
error: 
    status - 500 
    message - Error: invalid credential
    at C:\Users\Yatendra Pratap\Fundoo_Notes\src\services\/user.service.js:19:19 
    url - /api/v1/users/login 
    method - POST 
    IP - ::ffff:127.0.0.1
   {"timestamp":"2023-01-18T15:50:27.394Z"}
info: Server started at http://localhost:5454/api/v1/ {"timestamp":"2023-01-18T15:51:41.039Z"}
info: Connected to the database. {"timestamp":"2023-01-18T15:51:45.113Z"}
error: 
    status - 500 
    message - ValidationError: "firstname" length must be at least 4 characters long 
    url - /api/v1/users/registerUser 
    method - POST 
    IP - ::ffff:127.0.0.1
   {"timestamp":"2023-01-18T15:51:46.117Z"}
info: Server started at http://localhost:5454/api/v1/ {"timestamp":"2023-01-18T15:53:25.041Z"}
info: Connected to the database. {"timestamp":"2023-01-18T15:53:29.640Z"}
error: 
    status - 500 
    message - ValidationError: "firstname" length must be at least 4 characters long 
    url - /api/v1/users/registerUser 
    method - POST 
    IP - ::ffff:127.0.0.1
   {"timestamp":"2023-01-18T15:53:30.128Z"}
info: Server started at http://localhost:5454/api/v1/ {"timestamp":"2023-01-18T15:55:40.300Z"}
error: 
    status - 500 
    message - ValidationError: "firstname" length must be at least 4 characters long 
    url - /api/v1/users/registerUser 
    method - POST 
    IP - ::ffff:127.0.0.1
   {"timestamp":"2023-01-18T15:55:40.603Z"}
info: Server started at http://localhost:5454/api/v1/ {"timestamp":"2023-01-18T15:56:31.886Z"}
info: Server started at http://localhost:5454/api/v1/ {"timestamp":"2023-01-18T15:58:16.598Z"}
info: Connected to the database. {"timestamp":"2023-01-18T15:58:20.633Z"}
info: Server started at http://localhost:5454/api/v1/ {"timestamp":"2023-01-18T15:59:01.994Z"}
info: Connected to the database. {"timestamp":"2023-01-18T15:59:05.172Z"}
error: 
    status - 500 
    message - ValidationError: "firstname" length must be at least 4 characters long 
    url - /api/v1/users/registerUser 
    method - POST 
    IP - ::ffff:127.0.0.1
   {"timestamp":"2023-01-18T15:59:05.911Z"}
error: 
    status - 500 
    message - ValidationError: "lastname" length must be at least 4 characters long 
    url - /api/v1/users/registerUser 
    method - POST 
    IP - ::ffff:127.0.0.1
   {"timestamp":"2023-01-18T15:59:05.955Z"}
error: 
    status - 500 
    message - ValidationError: "email" must be a valid email 
    url - /api/v1/users/registerUser 
    method - POST 
    IP - ::ffff:127.0.0.1
   {"timestamp":"2023-01-18T15:59:06.002Z"}
error: 
    status - 500 
    message - ValidationError: "firstname" length must be at least 4 characters long 
    url - /api/v1/users/registerUser 
    method - POST 
    IP - ::ffff:127.0.0.1
   {"timestamp":"2023-01-18T15:59:06.061Z"}
error: 
    status - 500 
    message - Error: Login unsuccesfull
    at _callee$ (C:\Users\Yatendra Pratap\Fundoo_Notes\src\services\/user.service.js:26:13)
    at tryCatch (C:\Users\Yatendra Pratap\Fundoo_Notes\node_modules\@babel\runtime\helpers\regeneratorRuntime.js:44:17)
    at Generator.<anonymous> (C:\Users\Yatendra Pratap\Fundoo_Notes\node_modules\@babel\runtime\helpers\regeneratorRuntime.js:125:22)
    at Generator.next (C:\Users\Yatendra Pratap\Fundoo_Notes\node_modules\@babel\runtime\helpers\regeneratorRuntime.js:69:21)
    at asyncGeneratorStep (C:\Users\Yatendra Pratap\Fundoo_Notes\node_modules\@babel\runtime\helpers\asyncToGenerator.js:3:24)
    at _next (C:\Users\Yatendra Pratap\Fundoo_Notes\node_modules\@babel\runtime\helpers\asyncToGenerator.js:22:9)
    at processTicksAndRejections (node:internal/process/task_queues:95:5) 
    url - /api/v1/users/login 
    method - POST 
    IP - ::ffff:127.0.0.1
   {"timestamp":"2023-01-18T15:59:07.023Z"}
error: 
    status - 500 
    message - Error: invalid credential
    at C:\Users\Yatendra Pratap\Fundoo_Notes\src\services\/user.service.js:19:19 
    url - /api/v1/users/login 
    method - POST 
    IP - ::ffff:127.0.0.1
   {"timestamp":"2023-01-18T15:59:07.563Z"}
info: Server started at http://localhost:5454/api/v1/ {"timestamp":"2023-01-18T16:30:08.400Z"}
info: Connected to the database. {"timestamp":"2023-01-18T16:30:12.139Z"}
error: 
    status - 500 
    message - ValidationError: "firstname" length must be at least 4 characters long 
    url - /api/v1/users/registerUser 
    method - POST 
    IP - ::ffff:127.0.0.1
   {"timestamp":"2023-01-18T16:30:12.949Z"}
error: 
    status - 500 
    message - ValidationError: "lastname" length must be at least 4 characters long 
    url - /api/v1/users/registerUser 
    method - POST 
    IP - ::ffff:127.0.0.1
   {"timestamp":"2023-01-18T16:30:13.030Z"}
error: 
    status - 500 
    message - ValidationError: "email" must be a valid email 
    url - /api/v1/users/registerUser 
    method - POST 
    IP - ::ffff:127.0.0.1
   {"timestamp":"2023-01-18T16:30:13.082Z"}
error: 
    status - 500 
    message - ValidationError: "firstname" length must be at least 4 characters long 
    url - /api/v1/users/registerUser 
    method - POST 
    IP - ::ffff:127.0.0.1
   {"timestamp":"2023-01-18T16:30:13.110Z"}
error: 
    status - 500 
    message - Error: Login unsuccesfull
    at _callee$ (C:\Users\Yatendra Pratap\Fundoo_Notes\src\services\/user.service.js:26:13)
    at tryCatch (C:\Users\Yatendra Pratap\Fundoo_Notes\node_modules\@babel\runtime\helpers\regeneratorRuntime.js:44:17)
    at Generator.<anonymous> (C:\Users\Yatendra Pratap\Fundoo_Notes\node_modules\@babel\runtime\helpers\regeneratorRuntime.js:125:22)
    at Generator.next (C:\Users\Yatendra Pratap\Fundoo_Notes\node_modules\@babel\runtime\helpers\regeneratorRuntime.js:69:21)
    at asyncGeneratorStep (C:\Users\Yatendra Pratap\Fundoo_Notes\node_modules\@babel\runtime\helpers\asyncToGenerator.js:3:24)
    at _next (C:\Users\Yatendra Pratap\Fundoo_Notes\node_modules\@babel\runtime\helpers\asyncToGenerator.js:22:9)
    at processTicksAndRejections (node:internal/process/task_queues:95:5) 
    url - /api/v1/users/login 
    method - POST 
    IP - ::ffff:127.0.0.1
   {"timestamp":"2023-01-18T16:30:14.033Z"}
error: 
    status - 500 
    message - Error: invalid credential
    at C:\Users\Yatendra Pratap\Fundoo_Notes\src\services\/user.service.js:19:19 
    url - /api/v1/users/login 
    method - POST 
    IP - ::ffff:127.0.0.1
   {"timestamp":"2023-01-18T16:30:14.633Z"}
